

================================================================
== Vivado HLS Report for 'CNN_1D_Loop_Loop_Con'
================================================================
* Date:           Sun Jul  1 02:48:41 2018

* Version:        2017.4 (Build 2086221 on Fri Dec 15 21:13:33 MST 2017)
* Project:        Conv12
* Solution:       A_Otra
* Product family: zynq
* Target device:  xc7z020clg484-1


================================================================
== Performance Estimates
================================================================
+ Timing (ns): 
    * Summary: 
    +--------+-------+----------+------------+
    |  Clock | Target| Estimated| Uncertainty|
    +--------+-------+----------+------------+
    |ap_clk  |  10.00|      7.75|        1.25|
    +--------+-------+----------+------------+

+ Latency (clock cycles): 
    * Summary: 
    +------+------+------+------+---------+
    |   Latency   |   Interval  | Pipeline|
    |  min |  max |  min |  max |   Type  |
    +------+------+------+------+---------+
    |  2541|  2541|  2541|  2541|   none  |
    +------+------+------+------+---------+

    + Detail: 
        * Instance: 
        N/A

        * Loop: 
        +---------------------+------+------+----------+-----------+-----------+------+----------+
        |                     |   Latency   | Iteration|  Initiation Interval  | Trip |          |
        |      Loop Name      |  min |  max |  Latency |  achieved |   target  | Count| Pipelined|
        +---------------------+------+------+----------+-----------+-----------+------+----------+
        |- Loop_Conv          |  2540|  2540|       254|          -|          -|    10|    no    |
        | + Load_weight       |    19|    19|         2|          1|          1|    19|    yes   |
        | + Convolution_Loop  |   229|   229|        21|          1|          1|   210|    yes   |
        +---------------------+------+------+----------+-----------+-----------+------+----------+

============================================================
+ Verbose Summary: Synthesis Manager
============================================================
InlineROM: 1
ExposeGlobal: 0
============================================================
+ Verbose Summary: CDFG Model
============================================================
IsTopModel: 0
ResetActiveHigh: 1
IsCombinational: 2
IsDatapathOnly: 0
HasWiredReturn: 1
HasMFsm: 0
HasVarLatency: 1
IsPipeline: 0
IsRtlPipelined: 0
IsInstanceOverlapped: 0
IsDontTouch: 0
HasImplIP: 0
IsGatedGlobalClock: 0

+ Individual pipeline summary: 
  * Pipeline-0: initiation interval (II) = 1, depth = 2
  * Pipeline-1: initiation interval (II) = 1, depth = 21


============================================================
+ Verbose Summary: Schedule
============================================================
* Number of FSM states : 28
* Pipeline : 2
  Pipeline-0 : II = 1, D = 2, States = { 4 5 }
  Pipeline-1 : II = 1, D = 21, States = { 7 8 9 10 11 12 13 14 15 16 17 18 19 20 21 22 23 24 25 26 27 }
* Dataflow Pipeline: 0

* FSM state transitions: 
1 --> 
	2  / true
2 --> 
	3  / (!exitcond_i)
3 --> 
	4  / true
4 --> 
	6  / (exitcond11_i_i)
	5  / (!exitcond11_i_i)
5 --> 
	4  / true
6 --> 
	7  / true
7 --> 
	8  / true
8 --> 
	28  / (exitcond_i_i)
	9  / (!exitcond_i_i)
9 --> 
	10  / true
10 --> 
	11  / true
11 --> 
	12  / true
12 --> 
	13  / true
13 --> 
	14  / true
14 --> 
	15  / true
15 --> 
	16  / true
16 --> 
	17  / true
17 --> 
	18  / true
18 --> 
	19  / true
19 --> 
	20  / true
20 --> 
	21  / true
21 --> 
	22  / true
22 --> 
	23  / true
23 --> 
	24  / true
24 --> 
	25  / true
25 --> 
	26  / true
26 --> 
	27  / true
27 --> 
	7  / true
28 --> 
	2  / true

* FSM state operations: 

 <State 1> : 1.77ns
ST_1 : Operation 29 [1/1] (0.00ns)   --->   "%weight_in_V_1_18_s = alloca i18"
ST_1 : Operation 30 [1/1] (0.00ns)   --->   "%weight_in_V_1_17_s = alloca i18"
ST_1 : Operation 31 [1/1] (0.00ns)   --->   "%weight_in_V_1_16_s = alloca i18"
ST_1 : Operation 32 [1/1] (0.00ns)   --->   "%weight_in_V_1_15_s = alloca i18"
ST_1 : Operation 33 [1/1] (0.00ns)   --->   "%weight_in_V_1_14_s = alloca i18"
ST_1 : Operation 34 [1/1] (0.00ns)   --->   "%windows_filter_val_0 = alloca i18"
ST_1 : Operation 35 [1/1] (0.00ns)   --->   "%windows_filter_val_0_1 = alloca i18"
ST_1 : Operation 36 [1/1] (0.00ns)   --->   "%windows_filter_val_0_2 = alloca i18"
ST_1 : Operation 37 [1/1] (0.00ns)   --->   "%windows_filter_val_0_3 = alloca i18"
ST_1 : Operation 38 [1/1] (0.00ns)   --->   "%windows_filter_val_0_4 = alloca i18"
ST_1 : Operation 39 [1/1] (0.00ns)   --->   "%windows_filter_val_0_5 = alloca i18"
ST_1 : Operation 40 [1/1] (0.00ns)   --->   "%windows_filter_val_0_6 = alloca i18"
ST_1 : Operation 41 [1/1] (0.00ns)   --->   "%windows_filter_val_0_7 = alloca i18"
ST_1 : Operation 42 [1/1] (0.00ns)   --->   "%windows_filter_val_0_8 = alloca i18"
ST_1 : Operation 43 [1/1] (0.00ns)   --->   "%windows_filter_val_0_9 = alloca i18"
ST_1 : Operation 44 [1/1] (0.00ns)   --->   "%windows_filter_val_0_10 = alloca i18"
ST_1 : Operation 45 [1/1] (0.00ns)   --->   "%windows_filter_val_0_11 = alloca i18"
ST_1 : Operation 46 [1/1] (0.00ns)   --->   "%windows_filter_val_0_12 = alloca i18"
ST_1 : Operation 47 [1/1] (0.00ns)   --->   "%windows_filter_val_0_13 = alloca i18"
ST_1 : Operation 48 [1/1] (0.00ns)   --->   "%windows_filter_val_0_14 = alloca i18"
ST_1 : Operation 49 [1/1] (0.00ns)   --->   "%windows_filter_val_0_15 = alloca i18"
ST_1 : Operation 50 [1/1] (0.00ns)   --->   "%windows_filter_val_0_16 = alloca i18"
ST_1 : Operation 51 [1/1] (0.00ns)   --->   "%windows_filter_val_0_17 = alloca i18"
ST_1 : Operation 52 [1/1] (0.00ns)   --->   "%weight_in_V_1_0_s = alloca i18"
ST_1 : Operation 53 [1/1] (0.00ns)   --->   "%weight_in_V_1_1_s = alloca i18"
ST_1 : Operation 54 [1/1] (0.00ns)   --->   "%weight_in_V_1_2_s = alloca i18"
ST_1 : Operation 55 [1/1] (0.00ns)   --->   "%weight_in_V_1_3_s = alloca i18"
ST_1 : Operation 56 [1/1] (0.00ns)   --->   "%weight_in_V_1_4_s = alloca i18"
ST_1 : Operation 57 [1/1] (0.00ns)   --->   "%weight_in_V_1_5_s = alloca i18"
ST_1 : Operation 58 [1/1] (0.00ns)   --->   "%weight_in_V_1_6_s = alloca i18"
ST_1 : Operation 59 [1/1] (0.00ns)   --->   "%weight_in_V_1_7_s = alloca i18"
ST_1 : Operation 60 [1/1] (0.00ns)   --->   "%weight_in_V_1_8_s = alloca i18"
ST_1 : Operation 61 [1/1] (0.00ns)   --->   "%weight_in_V_1_9_s = alloca i18"
ST_1 : Operation 62 [1/1] (0.00ns)   --->   "%weight_in_V_1_10_s = alloca i18"
ST_1 : Operation 63 [1/1] (0.00ns)   --->   "%weight_in_V_1_11_s = alloca i18"
ST_1 : Operation 64 [1/1] (0.00ns)   --->   "%weight_in_V_1_12_s = alloca i18"
ST_1 : Operation 65 [1/1] (0.00ns)   --->   "%weight_in_V_1_13_s = alloca i18"
ST_1 : Operation 66 [1/1] (0.00ns)   --->   "call void (...)* @_ssdm_op_SpecMemCore([10 x i18]* %Layer1_BiasArray_V, [1 x i8]* @p_str2100, [12 x i8]* @p_str4102, [1 x i8]* @p_str2100, i32 -1, [1 x i8]* @p_str2100, [1 x i8]* @p_str2100, [1 x i8]* @p_str2100, [1 x i8]* @p_str2100, [1 x i8]* @p_str2100)"
ST_1 : Operation 67 [1/1] (0.00ns)   --->   "call void (...)* @_ssdm_op_SpecMemCore([190 x i18]* %Layer1_WeightArray_V, [1 x i8]* @p_str2100, [12 x i8]* @p_str4102, [1 x i8]* @p_str2100, i32 -1, [1 x i8]* @p_str2100, [1 x i8]* @p_str2100, [1 x i8]* @p_str2100, [1 x i8]* @p_str2100, [1 x i8]* @p_str2100)"
ST_1 : Operation 68 [1/1] (0.00ns)   --->   "call void (...)* @_ssdm_op_SpecInterface(i18* %maxpool_9_V_V, [8 x i8]* @ap_fifo_str, i32 0, i32 0, [1 x i8]* @p_str, i32 0, i32 0, [1 x i8]* @p_str, [1 x i8]* @p_str, [1 x i8]* @p_str, i32 2, i32 2, i32 16, i32 16, [1 x i8]* @p_str, [1 x i8]* @p_str)"
ST_1 : Operation 69 [1/1] (0.00ns)   --->   "call void (...)* @_ssdm_op_SpecInterface(i18* %maxpool_8_V_V, [8 x i8]* @ap_fifo_str, i32 0, i32 0, [1 x i8]* @p_str, i32 0, i32 0, [1 x i8]* @p_str, [1 x i8]* @p_str, [1 x i8]* @p_str, i32 2, i32 2, i32 16, i32 16, [1 x i8]* @p_str, [1 x i8]* @p_str)"
ST_1 : Operation 70 [1/1] (0.00ns)   --->   "call void (...)* @_ssdm_op_SpecInterface(i18* %maxpool_7_V_V, [8 x i8]* @ap_fifo_str, i32 0, i32 0, [1 x i8]* @p_str, i32 0, i32 0, [1 x i8]* @p_str, [1 x i8]* @p_str, [1 x i8]* @p_str, i32 2, i32 2, i32 16, i32 16, [1 x i8]* @p_str, [1 x i8]* @p_str)"
ST_1 : Operation 71 [1/1] (0.00ns)   --->   "call void (...)* @_ssdm_op_SpecInterface(i18* %maxpool_6_V_V, [8 x i8]* @ap_fifo_str, i32 0, i32 0, [1 x i8]* @p_str, i32 0, i32 0, [1 x i8]* @p_str, [1 x i8]* @p_str, [1 x i8]* @p_str, i32 2, i32 2, i32 16, i32 16, [1 x i8]* @p_str, [1 x i8]* @p_str)"
ST_1 : Operation 72 [1/1] (0.00ns)   --->   "call void (...)* @_ssdm_op_SpecInterface(i18* %maxpool_5_V_V, [8 x i8]* @ap_fifo_str, i32 0, i32 0, [1 x i8]* @p_str, i32 0, i32 0, [1 x i8]* @p_str, [1 x i8]* @p_str, [1 x i8]* @p_str, i32 2, i32 2, i32 16, i32 16, [1 x i8]* @p_str, [1 x i8]* @p_str)"
ST_1 : Operation 73 [1/1] (0.00ns)   --->   "call void (...)* @_ssdm_op_SpecInterface(i18* %maxpool_4_V_V, [8 x i8]* @ap_fifo_str, i32 0, i32 0, [1 x i8]* @p_str, i32 0, i32 0, [1 x i8]* @p_str, [1 x i8]* @p_str, [1 x i8]* @p_str, i32 2, i32 2, i32 16, i32 16, [1 x i8]* @p_str, [1 x i8]* @p_str)"
ST_1 : Operation 74 [1/1] (0.00ns)   --->   "call void (...)* @_ssdm_op_SpecInterface(i18* %maxpool_3_V_V, [8 x i8]* @ap_fifo_str, i32 0, i32 0, [1 x i8]* @p_str, i32 0, i32 0, [1 x i8]* @p_str, [1 x i8]* @p_str, [1 x i8]* @p_str, i32 2, i32 2, i32 16, i32 16, [1 x i8]* @p_str, [1 x i8]* @p_str)"
ST_1 : Operation 75 [1/1] (0.00ns)   --->   "call void (...)* @_ssdm_op_SpecInterface(i18* %maxpool_2_V_V, [8 x i8]* @ap_fifo_str, i32 0, i32 0, [1 x i8]* @p_str, i32 0, i32 0, [1 x i8]* @p_str, [1 x i8]* @p_str, [1 x i8]* @p_str, i32 2, i32 2, i32 16, i32 16, [1 x i8]* @p_str, [1 x i8]* @p_str)"
ST_1 : Operation 76 [1/1] (0.00ns)   --->   "call void (...)* @_ssdm_op_SpecInterface(i18* %maxpool_1_V_V, [8 x i8]* @ap_fifo_str, i32 0, i32 0, [1 x i8]* @p_str, i32 0, i32 0, [1 x i8]* @p_str, [1 x i8]* @p_str, [1 x i8]* @p_str, i32 2, i32 2, i32 16, i32 16, [1 x i8]* @p_str, [1 x i8]* @p_str)"
ST_1 : Operation 77 [1/1] (0.00ns)   --->   "call void (...)* @_ssdm_op_SpecInterface(i18* %maxpool_0_V_V, [8 x i8]* @ap_fifo_str, i32 0, i32 0, [1 x i8]* @p_str, i32 0, i32 0, [1 x i8]* @p_str, [1 x i8]* @p_str, [1 x i8]* @p_str, i32 2, i32 2, i32 16, i32 16, [1 x i8]* @p_str, [1 x i8]* @p_str)"
ST_1 : Operation 78 [1/1] (0.00ns)   --->   "call void (...)* @_ssdm_op_SpecInterface(i18* %intermediate_9_V_V, [8 x i8]* @ap_fifo_str, i32 0, i32 0, [1 x i8]* @p_str, i32 0, i32 0, [1 x i8]* @p_str, [1 x i8]* @p_str, [1 x i8]* @p_str, i32 2, i32 2, i32 16, i32 16, [1 x i8]* @p_str, [1 x i8]* @p_str)"
ST_1 : Operation 79 [1/1] (0.00ns)   --->   "call void (...)* @_ssdm_op_SpecInterface(i18* %intermediate_8_V_V, [8 x i8]* @ap_fifo_str, i32 0, i32 0, [1 x i8]* @p_str, i32 0, i32 0, [1 x i8]* @p_str, [1 x i8]* @p_str, [1 x i8]* @p_str, i32 2, i32 2, i32 16, i32 16, [1 x i8]* @p_str, [1 x i8]* @p_str)"
ST_1 : Operation 80 [1/1] (0.00ns)   --->   "call void (...)* @_ssdm_op_SpecInterface(i18* %intermediate_7_V_V, [8 x i8]* @ap_fifo_str, i32 0, i32 0, [1 x i8]* @p_str, i32 0, i32 0, [1 x i8]* @p_str, [1 x i8]* @p_str, [1 x i8]* @p_str, i32 2, i32 2, i32 16, i32 16, [1 x i8]* @p_str, [1 x i8]* @p_str)"
ST_1 : Operation 81 [1/1] (0.00ns)   --->   "call void (...)* @_ssdm_op_SpecInterface(i18* %intermediate_6_V_V, [8 x i8]* @ap_fifo_str, i32 0, i32 0, [1 x i8]* @p_str, i32 0, i32 0, [1 x i8]* @p_str, [1 x i8]* @p_str, [1 x i8]* @p_str, i32 2, i32 2, i32 16, i32 16, [1 x i8]* @p_str, [1 x i8]* @p_str)"
ST_1 : Operation 82 [1/1] (0.00ns)   --->   "call void (...)* @_ssdm_op_SpecInterface(i18* %intermediate_5_V_V, [8 x i8]* @ap_fifo_str, i32 0, i32 0, [1 x i8]* @p_str, i32 0, i32 0, [1 x i8]* @p_str, [1 x i8]* @p_str, [1 x i8]* @p_str, i32 2, i32 2, i32 16, i32 16, [1 x i8]* @p_str, [1 x i8]* @p_str)"
ST_1 : Operation 83 [1/1] (0.00ns)   --->   "call void (...)* @_ssdm_op_SpecInterface(i18* %intermediate_4_V_V, [8 x i8]* @ap_fifo_str, i32 0, i32 0, [1 x i8]* @p_str, i32 0, i32 0, [1 x i8]* @p_str, [1 x i8]* @p_str, [1 x i8]* @p_str, i32 2, i32 2, i32 16, i32 16, [1 x i8]* @p_str, [1 x i8]* @p_str)"
ST_1 : Operation 84 [1/1] (0.00ns)   --->   "call void (...)* @_ssdm_op_SpecInterface(i18* %intermediate_3_V_V, [8 x i8]* @ap_fifo_str, i32 0, i32 0, [1 x i8]* @p_str, i32 0, i32 0, [1 x i8]* @p_str, [1 x i8]* @p_str, [1 x i8]* @p_str, i32 2, i32 2, i32 16, i32 16, [1 x i8]* @p_str, [1 x i8]* @p_str)"
ST_1 : Operation 85 [1/1] (0.00ns)   --->   "call void (...)* @_ssdm_op_SpecInterface(i18* %intermediate_2_V_V, [8 x i8]* @ap_fifo_str, i32 0, i32 0, [1 x i8]* @p_str, i32 0, i32 0, [1 x i8]* @p_str, [1 x i8]* @p_str, [1 x i8]* @p_str, i32 2, i32 2, i32 16, i32 16, [1 x i8]* @p_str, [1 x i8]* @p_str)"
ST_1 : Operation 86 [1/1] (0.00ns)   --->   "call void (...)* @_ssdm_op_SpecInterface(i18* %intermediate_1_V_V, [8 x i8]* @ap_fifo_str, i32 0, i32 0, [1 x i8]* @p_str, i32 0, i32 0, [1 x i8]* @p_str, [1 x i8]* @p_str, [1 x i8]* @p_str, i32 2, i32 2, i32 16, i32 16, [1 x i8]* @p_str, [1 x i8]* @p_str)"
ST_1 : Operation 87 [1/1] (0.00ns)   --->   "call void (...)* @_ssdm_op_SpecInterface(i18* %intermediate_0_V_V, [8 x i8]* @ap_fifo_str, i32 0, i32 0, [1 x i8]* @p_str, i32 0, i32 0, [1 x i8]* @p_str, [1 x i8]* @p_str, [1 x i8]* @p_str, i32 2, i32 2, i32 16, i32 16, [1 x i8]* @p_str, [1 x i8]* @p_str)"
ST_1 : Operation 88 [1/1] (0.00ns)   --->   "call void (...)* @_ssdm_op_SpecInterface([10 x i18]* %Layer1_BiasArray_V, [5 x i8]* @p_str5103, i32 0, i32 0, [1 x i8]* @p_str2100, i32 0, i32 0, [1 x i8]* @p_str2100, [1 x i8]* @p_str2100, [1 x i8]* @p_str2100, i32 0, i32 0, i32 0, i32 0, [1 x i8]* @p_str2100, [1 x i8]* @p_str2100)"
ST_1 : Operation 89 [1/1] (0.00ns)   --->   "call void (...)* @_ssdm_op_SpecInterface([190 x i18]* %Layer1_WeightArray_V, [5 x i8]* @p_str5103, i32 0, i32 0, [1 x i8]* @p_str2100, i32 0, i32 0, [1 x i8]* @p_str2100, [1 x i8]* @p_str2100, [1 x i8]* @p_str2100, i32 0, i32 0, i32 0, i32 0, [1 x i8]* @p_str2100, [1 x i8]* @p_str2100)"
ST_1 : Operation 90 [1/1] (1.76ns)   --->   "br label %0" [SRC/1_keras.cpp:79->SRC/1_keras.cpp:28]

 <State 2> : 3.25ns
ST_2 : Operation 91 [1/1] (0.00ns)   --->   "%i_0_i = phi i4 [ 0, %newFuncRoot ], [ %i_3, %Layer1_Conv1D.exit.i ]"
ST_2 : Operation 92 [1/1] (0.00ns)   --->   "%phi_mul = phi i8 [ 0, %newFuncRoot ], [ %next_mul, %Layer1_Conv1D.exit.i ]"
ST_2 : Operation 93 [1/1] (1.91ns)   --->   "%next_mul = add i8 %phi_mul, 19"   --->   Core 14 'AddSub' <Latency = 0> <II = 1> <Delay = 1.73> <FuncUnit> <Opcode : 'add' 'sub'> <InPorts = 2> <OutPorts = 1>
ST_2 : Operation 94 [1/1] (1.30ns)   --->   "%exitcond_i = icmp eq i4 %i_0_i, -6" [SRC/1_keras.cpp:79->SRC/1_keras.cpp:28]   --->   Core 25 'Cmp' <Latency = 0> <II = 1> <Delay = 1.30> <FuncUnit> <Opcode : 'icmp'> <InPorts = 2> <OutPorts = 1>
ST_2 : Operation 95 [1/1] (1.73ns)   --->   "%i_3 = add i4 %i_0_i, 1" [SRC/1_keras.cpp:79->SRC/1_keras.cpp:28]   --->   Core 14 'AddSub' <Latency = 0> <II = 1> <Delay = 1.73> <FuncUnit> <Opcode : 'add' 'sub'> <InPorts = 2> <OutPorts = 1>
ST_2 : Operation 96 [1/1] (0.00ns)   --->   "br i1 %exitcond_i, label %Layer1_Conv.exit.exitStub, label %2" [SRC/1_keras.cpp:79->SRC/1_keras.cpp:28]
ST_2 : Operation 97 [1/1] (0.00ns)   --->   "%tmp = zext i4 %i_0_i to i64" [SRC/1_keras.cpp:83->SRC/1_keras.cpp:28]
ST_2 : Operation 98 [1/1] (0.00ns)   --->   "%Layer1_BiasArray_V_a = getelementptr [10 x i18]* %Layer1_BiasArray_V, i64 0, i64 %tmp" [SRC/1_keras.cpp:83->SRC/1_keras.cpp:28]
ST_2 : Operation 99 [2/2] (3.25ns)   --->   "%sum_V = load i18* %Layer1_BiasArray_V_a, align 4" [SRC/1_keras.cpp:83->SRC/1_keras.cpp:28]   --->   Core 44 'RAM_1P_BRAM' <Latency = 1> <II = 1> <Delay = 3.25> <Storage> <Opcode : 'load' 'store'> <Ports = 1> <Width = 18> <Depth = 10> <RAM>
ST_2 : Operation 100 [1/1] (0.00ns)   --->   "ret void"

 <State 3> : 3.25ns
ST_3 : Operation 101 [1/1] (0.00ns)   --->   "call void (...)* @_ssdm_op_SpecLoopTripCount(i64 10, i64 10, i64 10)"
ST_3 : Operation 102 [1/1] (0.00ns)   --->   "call void (...)* @_ssdm_op_SpecLoopName([10 x i8]* @p_str11) nounwind" [SRC/1_keras.cpp:79->SRC/1_keras.cpp:28]
ST_3 : Operation 103 [1/1] (0.00ns)   --->   "%tmp_48 = call i32 (...)* @_ssdm_op_SpecRegionBegin([10 x i8]* @p_str11)" [SRC/1_keras.cpp:79->SRC/1_keras.cpp:28]
ST_3 : Operation 104 [1/2] (3.25ns)   --->   "%sum_V = load i18* %Layer1_BiasArray_V_a, align 4" [SRC/1_keras.cpp:83->SRC/1_keras.cpp:28]   --->   Core 44 'RAM_1P_BRAM' <Latency = 1> <II = 1> <Delay = 3.25> <Storage> <Opcode : 'load' 'store'> <Ports = 1> <Width = 18> <Depth = 10> <RAM>
ST_3 : Operation 105 [1/1] (1.76ns)   --->   "br label %1" [SRC/1_keras.cpp:98->SRC/1_keras.cpp:83->SRC/1_keras.cpp:28]

 <State 4> : 5.17ns
ST_4 : Operation 106 [1/1] (0.00ns)   --->   "%i_0_i_i = phi i5 [ 0, %2 ], [ %i, %branch120 ]"
ST_4 : Operation 107 [1/1] (1.36ns)   --->   "%exitcond11_i_i = icmp eq i5 %i_0_i_i, -13" [SRC/1_keras.cpp:98->SRC/1_keras.cpp:83->SRC/1_keras.cpp:28]   --->   Core 25 'Cmp' <Latency = 0> <II = 1> <Delay = 1.30> <FuncUnit> <Opcode : 'icmp'> <InPorts = 2> <OutPorts = 1>
ST_4 : Operation 108 [1/1] (1.78ns)   --->   "%i = add i5 %i_0_i_i, 1" [SRC/1_keras.cpp:98->SRC/1_keras.cpp:83->SRC/1_keras.cpp:28]   --->   Core 14 'AddSub' <Latency = 0> <II = 1> <Delay = 1.73> <FuncUnit> <Opcode : 'add' 'sub'> <InPorts = 2> <OutPorts = 1>
ST_4 : Operation 109 [1/1] (0.00ns)   --->   "br i1 %exitcond11_i_i, label %.preheader.i.i.preheader, label %3" [SRC/1_keras.cpp:98->SRC/1_keras.cpp:83->SRC/1_keras.cpp:28]
ST_4 : Operation 110 [1/1] (0.00ns)   --->   "%tmp_cast = zext i5 %i_0_i_i to i8" [SRC/1_keras.cpp:100->SRC/1_keras.cpp:83->SRC/1_keras.cpp:28]
ST_4 : Operation 111 [1/1] (1.91ns)   --->   "%tmp_s = add i8 %phi_mul, %tmp_cast" [SRC/1_keras.cpp:100->SRC/1_keras.cpp:83->SRC/1_keras.cpp:28]   --->   Core 14 'AddSub' <Latency = 0> <II = 1> <Delay = 1.73> <FuncUnit> <Opcode : 'add' 'sub'> <InPorts = 2> <OutPorts = 1>
ST_4 : Operation 112 [1/1] (0.00ns)   --->   "%tmp_93_cast = zext i8 %tmp_s to i64" [SRC/1_keras.cpp:100->SRC/1_keras.cpp:83->SRC/1_keras.cpp:28]
ST_4 : Operation 113 [1/1] (0.00ns)   --->   "%Layer1_WeightArray_V_1 = getelementptr [190 x i18]* %Layer1_WeightArray_V, i64 0, i64 %tmp_93_cast" [SRC/1_keras.cpp:100->SRC/1_keras.cpp:83->SRC/1_keras.cpp:28]
ST_4 : Operation 114 [2/2] (3.25ns)   --->   "%weight_in_0_V = load i18* %Layer1_WeightArray_V_1, align 4" [SRC/1_keras.cpp:100->SRC/1_keras.cpp:83->SRC/1_keras.cpp:28]   --->   Core 44 'RAM_1P_BRAM' <Latency = 1> <II = 1> <Delay = 3.25> <Storage> <Opcode : 'load' 'store'> <Ports = 1> <Width = 18> <Depth = 10> <RAM>
ST_4 : Operation 115 [1/1] (1.42ns)   --->   "switch i5 %i_0_i_i, label %branch138 [
    i5 0, label %branch120.pre
    i5 1, label %branch121
    i5 2, label %branch122
    i5 3, label %branch123
    i5 4, label %branch124
    i5 5, label %branch125
    i5 6, label %branch126
    i5 7, label %branch127
    i5 8, label %branch128
    i5 9, label %branch129
    i5 10, label %branch130
    i5 11, label %branch131
    i5 12, label %branch132
    i5 13, label %branch133
    i5 14, label %branch134
    i5 15, label %branch135
    i5 -16, label %branch136
    i5 -15, label %branch137
  ]" [SRC/1_keras.cpp:100->SRC/1_keras.cpp:83->SRC/1_keras.cpp:28]
ST_4 : Operation 116 [1/1] (0.00ns)   --->   "br label %branch120" [SRC/1_keras.cpp:100->SRC/1_keras.cpp:83->SRC/1_keras.cpp:28]
ST_4 : Operation 117 [1/1] (0.00ns)   --->   "br label %branch120" [SRC/1_keras.cpp:100->SRC/1_keras.cpp:83->SRC/1_keras.cpp:28]
ST_4 : Operation 118 [1/1] (0.00ns)   --->   "br label %branch120" [SRC/1_keras.cpp:100->SRC/1_keras.cpp:83->SRC/1_keras.cpp:28]
ST_4 : Operation 119 [1/1] (0.00ns)   --->   "br label %branch120" [SRC/1_keras.cpp:100->SRC/1_keras.cpp:83->SRC/1_keras.cpp:28]
ST_4 : Operation 120 [1/1] (0.00ns)   --->   "br label %branch120" [SRC/1_keras.cpp:100->SRC/1_keras.cpp:83->SRC/1_keras.cpp:28]
ST_4 : Operation 121 [1/1] (0.00ns)   --->   "br label %branch120" [SRC/1_keras.cpp:100->SRC/1_keras.cpp:83->SRC/1_keras.cpp:28]
ST_4 : Operation 122 [1/1] (0.00ns)   --->   "br label %branch120" [SRC/1_keras.cpp:100->SRC/1_keras.cpp:83->SRC/1_keras.cpp:28]
ST_4 : Operation 123 [1/1] (0.00ns)   --->   "br label %branch120" [SRC/1_keras.cpp:100->SRC/1_keras.cpp:83->SRC/1_keras.cpp:28]
ST_4 : Operation 124 [1/1] (0.00ns)   --->   "br label %branch120" [SRC/1_keras.cpp:100->SRC/1_keras.cpp:83->SRC/1_keras.cpp:28]
ST_4 : Operation 125 [1/1] (0.00ns)   --->   "br label %branch120" [SRC/1_keras.cpp:100->SRC/1_keras.cpp:83->SRC/1_keras.cpp:28]
ST_4 : Operation 126 [1/1] (0.00ns)   --->   "br label %branch120" [SRC/1_keras.cpp:100->SRC/1_keras.cpp:83->SRC/1_keras.cpp:28]
ST_4 : Operation 127 [1/1] (0.00ns)   --->   "br label %branch120" [SRC/1_keras.cpp:100->SRC/1_keras.cpp:83->SRC/1_keras.cpp:28]
ST_4 : Operation 128 [1/1] (0.00ns)   --->   "br label %branch120" [SRC/1_keras.cpp:100->SRC/1_keras.cpp:83->SRC/1_keras.cpp:28]
ST_4 : Operation 129 [1/1] (0.00ns)   --->   "br label %branch120" [SRC/1_keras.cpp:100->SRC/1_keras.cpp:83->SRC/1_keras.cpp:28]
ST_4 : Operation 130 [1/1] (0.00ns)   --->   "br label %branch120" [SRC/1_keras.cpp:100->SRC/1_keras.cpp:83->SRC/1_keras.cpp:28]
ST_4 : Operation 131 [1/1] (0.00ns)   --->   "br label %branch120" [SRC/1_keras.cpp:100->SRC/1_keras.cpp:83->SRC/1_keras.cpp:28]
ST_4 : Operation 132 [1/1] (0.00ns)   --->   "br label %branch120" [SRC/1_keras.cpp:100->SRC/1_keras.cpp:83->SRC/1_keras.cpp:28]
ST_4 : Operation 133 [1/1] (0.00ns)   --->   "br label %branch120"
ST_4 : Operation 134 [1/1] (0.00ns)   --->   "br label %branch120" [SRC/1_keras.cpp:100->SRC/1_keras.cpp:83->SRC/1_keras.cpp:28]

 <State 5> : 3.25ns
ST_5 : Operation 135 [1/1] (0.00ns)   --->   "call void (...)* @_ssdm_op_SpecLoopTripCount(i64 19, i64 19, i64 19)"
ST_5 : Operation 136 [1/1] (0.00ns)   --->   "call void (...)* @_ssdm_op_SpecLoopName([12 x i8]* @p_str12) nounwind" [SRC/1_keras.cpp:98->SRC/1_keras.cpp:83->SRC/1_keras.cpp:28]
ST_5 : Operation 137 [1/1] (0.00ns)   --->   "%tmp_49 = call i32 (...)* @_ssdm_op_SpecRegionBegin([12 x i8]* @p_str12)" [SRC/1_keras.cpp:98->SRC/1_keras.cpp:83->SRC/1_keras.cpp:28]
ST_5 : Operation 138 [1/1] (0.00ns)   --->   "call void (...)* @_ssdm_op_SpecPipeline(i32 -1, i32 1, i32 1, i32 0, [1 x i8]* @p_str2) nounwind" [SRC/1_keras.cpp:99->SRC/1_keras.cpp:83->SRC/1_keras.cpp:28]
ST_5 : Operation 139 [1/2] (3.25ns)   --->   "%weight_in_0_V = load i18* %Layer1_WeightArray_V_1, align 4" [SRC/1_keras.cpp:100->SRC/1_keras.cpp:83->SRC/1_keras.cpp:28]   --->   Core 44 'RAM_1P_BRAM' <Latency = 1> <II = 1> <Delay = 3.25> <Storage> <Opcode : 'load' 'store'> <Ports = 1> <Width = 18> <Depth = 10> <RAM>
ST_5 : Operation 140 [1/1] (0.00ns)   --->   "store i18 %weight_in_0_V, i18* %weight_in_V_1_17_s" [SRC/1_keras.cpp:100->SRC/1_keras.cpp:83->SRC/1_keras.cpp:28]
ST_5 : Operation 141 [1/1] (0.00ns)   --->   "store i18 %weight_in_0_V, i18* %weight_in_V_1_16_s" [SRC/1_keras.cpp:100->SRC/1_keras.cpp:83->SRC/1_keras.cpp:28]
ST_5 : Operation 142 [1/1] (0.00ns)   --->   "store i18 %weight_in_0_V, i18* %weight_in_V_1_15_s" [SRC/1_keras.cpp:100->SRC/1_keras.cpp:83->SRC/1_keras.cpp:28]
ST_5 : Operation 143 [1/1] (0.00ns)   --->   "store i18 %weight_in_0_V, i18* %weight_in_V_1_14_s" [SRC/1_keras.cpp:100->SRC/1_keras.cpp:83->SRC/1_keras.cpp:28]
ST_5 : Operation 144 [1/1] (0.00ns)   --->   "store i18 %weight_in_0_V, i18* %weight_in_V_1_13_s" [SRC/1_keras.cpp:100->SRC/1_keras.cpp:83->SRC/1_keras.cpp:28]
ST_5 : Operation 145 [1/1] (0.00ns)   --->   "store i18 %weight_in_0_V, i18* %weight_in_V_1_12_s" [SRC/1_keras.cpp:100->SRC/1_keras.cpp:83->SRC/1_keras.cpp:28]
ST_5 : Operation 146 [1/1] (0.00ns)   --->   "store i18 %weight_in_0_V, i18* %weight_in_V_1_11_s" [SRC/1_keras.cpp:100->SRC/1_keras.cpp:83->SRC/1_keras.cpp:28]
ST_5 : Operation 147 [1/1] (0.00ns)   --->   "store i18 %weight_in_0_V, i18* %weight_in_V_1_10_s" [SRC/1_keras.cpp:100->SRC/1_keras.cpp:83->SRC/1_keras.cpp:28]
ST_5 : Operation 148 [1/1] (0.00ns)   --->   "store i18 %weight_in_0_V, i18* %weight_in_V_1_9_s" [SRC/1_keras.cpp:100->SRC/1_keras.cpp:83->SRC/1_keras.cpp:28]
ST_5 : Operation 149 [1/1] (0.00ns)   --->   "store i18 %weight_in_0_V, i18* %weight_in_V_1_8_s" [SRC/1_keras.cpp:100->SRC/1_keras.cpp:83->SRC/1_keras.cpp:28]
ST_5 : Operation 150 [1/1] (0.00ns)   --->   "store i18 %weight_in_0_V, i18* %weight_in_V_1_7_s" [SRC/1_keras.cpp:100->SRC/1_keras.cpp:83->SRC/1_keras.cpp:28]
ST_5 : Operation 151 [1/1] (0.00ns)   --->   "store i18 %weight_in_0_V, i18* %weight_in_V_1_6_s" [SRC/1_keras.cpp:100->SRC/1_keras.cpp:83->SRC/1_keras.cpp:28]
ST_5 : Operation 152 [1/1] (0.00ns)   --->   "store i18 %weight_in_0_V, i18* %weight_in_V_1_5_s" [SRC/1_keras.cpp:100->SRC/1_keras.cpp:83->SRC/1_keras.cpp:28]
ST_5 : Operation 153 [1/1] (0.00ns)   --->   "store i18 %weight_in_0_V, i18* %weight_in_V_1_4_s" [SRC/1_keras.cpp:100->SRC/1_keras.cpp:83->SRC/1_keras.cpp:28]
ST_5 : Operation 154 [1/1] (0.00ns)   --->   "store i18 %weight_in_0_V, i18* %weight_in_V_1_3_s" [SRC/1_keras.cpp:100->SRC/1_keras.cpp:83->SRC/1_keras.cpp:28]
ST_5 : Operation 155 [1/1] (0.00ns)   --->   "store i18 %weight_in_0_V, i18* %weight_in_V_1_2_s" [SRC/1_keras.cpp:100->SRC/1_keras.cpp:83->SRC/1_keras.cpp:28]
ST_5 : Operation 156 [1/1] (0.00ns)   --->   "store i18 %weight_in_0_V, i18* %weight_in_V_1_1_s" [SRC/1_keras.cpp:100->SRC/1_keras.cpp:83->SRC/1_keras.cpp:28]
ST_5 : Operation 157 [1/1] (0.00ns)   --->   "store i18 %weight_in_0_V, i18* %weight_in_V_1_0_s" [SRC/1_keras.cpp:100->SRC/1_keras.cpp:83->SRC/1_keras.cpp:28]
ST_5 : Operation 158 [1/1] (0.00ns)   --->   "store i18 %weight_in_0_V, i18* %weight_in_V_1_18_s" [SRC/1_keras.cpp:100->SRC/1_keras.cpp:83->SRC/1_keras.cpp:28]
ST_5 : Operation 159 [1/1] (0.00ns)   --->   "%empty_193 = call i32 (...)* @_ssdm_op_SpecRegionEnd([12 x i8]* @p_str12, i32 %tmp_49)" [SRC/1_keras.cpp:101->SRC/1_keras.cpp:83->SRC/1_keras.cpp:28]
ST_5 : Operation 160 [1/1] (0.00ns)   --->   "br label %1" [SRC/1_keras.cpp:98->SRC/1_keras.cpp:83->SRC/1_keras.cpp:28]

 <State 6> : 1.77ns
ST_6 : Operation 161 [1/1] (1.76ns)   --->   "br label %.preheader.i.i"

 <State 7> : 2.48ns
ST_7 : Operation 162 [1/1] (0.00ns)   --->   "%i1_0_i_i = phi i8 [ %i_4, %._crit_edge.i.i ], [ 0, %.preheader.i.i.preheader ]"
ST_7 : Operation 163 [1/1] (1.55ns)   --->   "%exitcond_i_i = icmp eq i8 %i1_0_i_i, -46" [SRC/1_keras.cpp:105->SRC/1_keras.cpp:83->SRC/1_keras.cpp:28]   --->   Core 25 'Cmp' <Latency = 0> <II = 1> <Delay = 1.30> <FuncUnit> <Opcode : 'icmp'> <InPorts = 2> <OutPorts = 1>
ST_7 : Operation 164 [1/1] (1.91ns)   --->   "%i_4 = add i8 %i1_0_i_i, 1" [SRC/1_keras.cpp:105->SRC/1_keras.cpp:83->SRC/1_keras.cpp:28]   --->   Core 14 'AddSub' <Latency = 0> <II = 1> <Delay = 1.73> <FuncUnit> <Opcode : 'add' 'sub'> <InPorts = 2> <OutPorts = 1>
ST_7 : Operation 165 [1/1] (0.00ns)   --->   "call void (...)* @_ssdm_op_SpecLoopTripCount(i64 210, i64 210, i64 210)"
ST_7 : Operation 166 [1/1] (0.00ns)   --->   "call void (...)* @_ssdm_op_SpecLoopName([17 x i8]* @p_str13) nounwind" [SRC/1_keras.cpp:105->SRC/1_keras.cpp:83->SRC/1_keras.cpp:28]
ST_7 : Operation 167 [1/1] (0.00ns)   --->   "%tmp_50 = call i32 (...)* @_ssdm_op_SpecRegionBegin([17 x i8]* @p_str13)" [SRC/1_keras.cpp:105->SRC/1_keras.cpp:83->SRC/1_keras.cpp:28]
ST_7 : Operation 168 [1/1] (0.00ns)   --->   "call void (...)* @_ssdm_op_SpecPipeline(i32 -1, i32 1, i32 1, i32 0, [1 x i8]* @p_str2) nounwind" [SRC/1_keras.cpp:106->SRC/1_keras.cpp:83->SRC/1_keras.cpp:28]
ST_7 : Operation 169 [1/1] (1.36ns)   --->   "switch i4 %i_0_i, label %branch109 [
    i4 0, label %branch100
    i4 1, label %branch101
    i4 2, label %branch102
    i4 3, label %branch103
    i4 4, label %branch104
    i4 5, label %branch105
    i4 6, label %branch106
    i4 7, label %branch107
    i4 -8, label %branch108
  ]" [SRC/1_keras.cpp:107->SRC/1_keras.cpp:83->SRC/1_keras.cpp:28]
ST_7 : Operation 170 [1/1] (1.55ns)   --->   "%tmp_30 = icmp ugt i8 %i1_0_i_i, 17" [SRC/1_keras.cpp:111->SRC/1_keras.cpp:83->SRC/1_keras.cpp:28]   --->   Core 25 'Cmp' <Latency = 0> <II = 1> <Delay = 1.30> <FuncUnit> <Opcode : 'icmp'> <InPorts = 2> <OutPorts = 1>
ST_7 : Operation 171 [1/1] (0.00ns)   --->   "br i1 %tmp_30, label %poslin.exit.i.i, label %._crit_edge.i.i" [SRC/1_keras.cpp:111->SRC/1_keras.cpp:83->SRC/1_keras.cpp:28]
ST_7 : Operation 172 [1/1] (1.36ns)   --->   "switch i4 %i_0_i, label %branch119 [
    i4 0, label %branch110
    i4 1, label %branch111
    i4 2, label %branch112
    i4 3, label %branch113
    i4 4, label %branch114
    i4 5, label %branch115
    i4 6, label %branch116
    i4 7, label %branch117
    i4 -8, label %branch118
  ]" [SRC/1_keras.cpp:114->SRC/1_keras.cpp:83->SRC/1_keras.cpp:28]

 <State 8> : 6.38ns
ST_8 : Operation 173 [1/1] (0.00ns)   --->   "%windows_filter_val_0_18 = load i18* %windows_filter_val_0_1"
ST_8 : Operation 174 [1/1] (0.00ns)   --->   "%windows_filter_val_0_19 = load i18* %windows_filter_val_0_2"
ST_8 : Operation 175 [1/1] (0.00ns)   --->   "%windows_filter_val_0_20 = load i18* %windows_filter_val_0_3"
ST_8 : Operation 176 [1/1] (0.00ns)   --->   "%windows_filter_val_0_21 = load i18* %windows_filter_val_0_4"
ST_8 : Operation 177 [1/1] (0.00ns)   --->   "%windows_filter_val_0_22 = load i18* %windows_filter_val_0_5"
ST_8 : Operation 178 [1/1] (0.00ns)   --->   "%windows_filter_val_0_23 = load i18* %windows_filter_val_0_6"
ST_8 : Operation 179 [1/1] (0.00ns)   --->   "%windows_filter_val_0_24 = load i18* %windows_filter_val_0_7"
ST_8 : Operation 180 [1/1] (0.00ns)   --->   "%windows_filter_val_0_25 = load i18* %windows_filter_val_0_8"
ST_8 : Operation 181 [1/1] (0.00ns)   --->   "%windows_filter_val_0_26 = load i18* %windows_filter_val_0_9"
ST_8 : Operation 182 [1/1] (0.00ns)   --->   "%windows_filter_val_0_27 = load i18* %windows_filter_val_0_10"
ST_8 : Operation 183 [1/1] (0.00ns)   --->   "%windows_filter_val_0_28 = load i18* %windows_filter_val_0_11"
ST_8 : Operation 184 [1/1] (0.00ns)   --->   "%windows_filter_val_0_29 = load i18* %windows_filter_val_0_12"
ST_8 : Operation 185 [1/1] (0.00ns)   --->   "%windows_filter_val_0_30 = load i18* %windows_filter_val_0_13"
ST_8 : Operation 186 [1/1] (0.00ns)   --->   "%windows_filter_val_0_31 = load i18* %windows_filter_val_0_14"
ST_8 : Operation 187 [1/1] (0.00ns)   --->   "%windows_filter_val_0_32 = load i18* %windows_filter_val_0_15"
ST_8 : Operation 188 [1/1] (0.00ns)   --->   "%windows_filter_val_0_33 = load i18* %windows_filter_val_0_16"
ST_8 : Operation 189 [1/1] (0.00ns)   --->   "%windows_filter_val_0_34 = load i18* %windows_filter_val_0_17"
ST_8 : Operation 190 [1/1] (0.00ns)   --->   "br i1 %exitcond_i_i, label %Layer1_Conv1D.exit.i, label %shift_left.exit.i.i" [SRC/1_keras.cpp:105->SRC/1_keras.cpp:83->SRC/1_keras.cpp:28]
ST_8 : Operation 191 [1/1] (3.61ns)   --->   "%tmp_V_47 = call i18 @_ssdm_op_Read.ap_fifo.volatile.i18P(i18* %intermediate_8_V_V)" [SRC/1_keras.cpp:107->SRC/1_keras.cpp:83->SRC/1_keras.cpp:28]   --->   Core 32 'FIFO' <Latency = 0> <II = 1> <Delay = 3.61> <Storage> <Opcode : 'read' 'write' 'nbread' 'nbwrite'> <Ports = 0> <Width = 18> <Depth = 5> <FIFO>
ST_8 : Operation 192 [1/1] (2.05ns)   --->   "br label %shift_left.exit.i.i277" [SRC/1_keras.cpp:107->SRC/1_keras.cpp:83->SRC/1_keras.cpp:28]
ST_8 : Operation 193 [1/1] (3.61ns)   --->   "%tmp_V_46 = call i18 @_ssdm_op_Read.ap_fifo.volatile.i18P(i18* %intermediate_7_V_V)" [SRC/1_keras.cpp:107->SRC/1_keras.cpp:83->SRC/1_keras.cpp:28]   --->   Core 32 'FIFO' <Latency = 0> <II = 1> <Delay = 3.61> <Storage> <Opcode : 'read' 'write' 'nbread' 'nbwrite'> <Ports = 0> <Width = 18> <Depth = 5> <FIFO>
ST_8 : Operation 194 [1/1] (2.05ns)   --->   "br label %shift_left.exit.i.i277" [SRC/1_keras.cpp:107->SRC/1_keras.cpp:83->SRC/1_keras.cpp:28]
ST_8 : Operation 195 [1/1] (3.61ns)   --->   "%tmp_V_45 = call i18 @_ssdm_op_Read.ap_fifo.volatile.i18P(i18* %intermediate_6_V_V)" [SRC/1_keras.cpp:107->SRC/1_keras.cpp:83->SRC/1_keras.cpp:28]   --->   Core 32 'FIFO' <Latency = 0> <II = 1> <Delay = 3.61> <Storage> <Opcode : 'read' 'write' 'nbread' 'nbwrite'> <Ports = 0> <Width = 18> <Depth = 5> <FIFO>
ST_8 : Operation 196 [1/1] (2.05ns)   --->   "br label %shift_left.exit.i.i277" [SRC/1_keras.cpp:107->SRC/1_keras.cpp:83->SRC/1_keras.cpp:28]
ST_8 : Operation 197 [1/1] (3.61ns)   --->   "%tmp_V_44 = call i18 @_ssdm_op_Read.ap_fifo.volatile.i18P(i18* %intermediate_5_V_V)" [SRC/1_keras.cpp:107->SRC/1_keras.cpp:83->SRC/1_keras.cpp:28]   --->   Core 32 'FIFO' <Latency = 0> <II = 1> <Delay = 3.61> <Storage> <Opcode : 'read' 'write' 'nbread' 'nbwrite'> <Ports = 0> <Width = 18> <Depth = 5> <FIFO>
ST_8 : Operation 198 [1/1] (2.05ns)   --->   "br label %shift_left.exit.i.i277" [SRC/1_keras.cpp:107->SRC/1_keras.cpp:83->SRC/1_keras.cpp:28]
ST_8 : Operation 199 [1/1] (3.61ns)   --->   "%tmp_V_43 = call i18 @_ssdm_op_Read.ap_fifo.volatile.i18P(i18* %intermediate_4_V_V)" [SRC/1_keras.cpp:107->SRC/1_keras.cpp:83->SRC/1_keras.cpp:28]   --->   Core 32 'FIFO' <Latency = 0> <II = 1> <Delay = 3.61> <Storage> <Opcode : 'read' 'write' 'nbread' 'nbwrite'> <Ports = 0> <Width = 18> <Depth = 5> <FIFO>
ST_8 : Operation 200 [1/1] (2.05ns)   --->   "br label %shift_left.exit.i.i277" [SRC/1_keras.cpp:107->SRC/1_keras.cpp:83->SRC/1_keras.cpp:28]
ST_8 : Operation 201 [1/1] (3.61ns)   --->   "%tmp_V_42 = call i18 @_ssdm_op_Read.ap_fifo.volatile.i18P(i18* %intermediate_3_V_V)" [SRC/1_keras.cpp:107->SRC/1_keras.cpp:83->SRC/1_keras.cpp:28]   --->   Core 32 'FIFO' <Latency = 0> <II = 1> <Delay = 3.61> <Storage> <Opcode : 'read' 'write' 'nbread' 'nbwrite'> <Ports = 0> <Width = 18> <Depth = 5> <FIFO>
ST_8 : Operation 202 [1/1] (2.05ns)   --->   "br label %shift_left.exit.i.i277" [SRC/1_keras.cpp:107->SRC/1_keras.cpp:83->SRC/1_keras.cpp:28]
ST_8 : Operation 203 [1/1] (3.61ns)   --->   "%tmp_V_41 = call i18 @_ssdm_op_Read.ap_fifo.volatile.i18P(i18* %intermediate_2_V_V)" [SRC/1_keras.cpp:107->SRC/1_keras.cpp:83->SRC/1_keras.cpp:28]   --->   Core 32 'FIFO' <Latency = 0> <II = 1> <Delay = 3.61> <Storage> <Opcode : 'read' 'write' 'nbread' 'nbwrite'> <Ports = 0> <Width = 18> <Depth = 5> <FIFO>
ST_8 : Operation 204 [1/1] (2.05ns)   --->   "br label %shift_left.exit.i.i277" [SRC/1_keras.cpp:107->SRC/1_keras.cpp:83->SRC/1_keras.cpp:28]
ST_8 : Operation 205 [1/1] (3.61ns)   --->   "%tmp_V_40 = call i18 @_ssdm_op_Read.ap_fifo.volatile.i18P(i18* %intermediate_1_V_V)" [SRC/1_keras.cpp:107->SRC/1_keras.cpp:83->SRC/1_keras.cpp:28]   --->   Core 32 'FIFO' <Latency = 0> <II = 1> <Delay = 3.61> <Storage> <Opcode : 'read' 'write' 'nbread' 'nbwrite'> <Ports = 0> <Width = 18> <Depth = 5> <FIFO>
ST_8 : Operation 206 [1/1] (2.05ns)   --->   "br label %shift_left.exit.i.i277" [SRC/1_keras.cpp:107->SRC/1_keras.cpp:83->SRC/1_keras.cpp:28]
ST_8 : Operation 207 [1/1] (3.61ns)   --->   "%tmp_V_39 = call i18 @_ssdm_op_Read.ap_fifo.volatile.i18P(i18* %intermediate_0_V_V)" [SRC/1_keras.cpp:107->SRC/1_keras.cpp:83->SRC/1_keras.cpp:28]   --->   Core 32 'FIFO' <Latency = 0> <II = 1> <Delay = 3.61> <Storage> <Opcode : 'read' 'write' 'nbread' 'nbwrite'> <Ports = 0> <Width = 18> <Depth = 5> <FIFO>
ST_8 : Operation 208 [1/1] (2.05ns)   --->   "br label %shift_left.exit.i.i277" [SRC/1_keras.cpp:107->SRC/1_keras.cpp:83->SRC/1_keras.cpp:28]
ST_8 : Operation 209 [1/1] (3.61ns)   --->   "%tmp_V = call i18 @_ssdm_op_Read.ap_fifo.volatile.i18P(i18* %intermediate_9_V_V)" [SRC/1_keras.cpp:107->SRC/1_keras.cpp:83->SRC/1_keras.cpp:28]   --->   Core 32 'FIFO' <Latency = 0> <II = 1> <Delay = 3.61> <Storage> <Opcode : 'read' 'write' 'nbread' 'nbwrite'> <Ports = 0> <Width = 18> <Depth = 5> <FIFO>
ST_8 : Operation 210 [1/1] (2.05ns)   --->   "br label %shift_left.exit.i.i277" [SRC/1_keras.cpp:107->SRC/1_keras.cpp:83->SRC/1_keras.cpp:28]
ST_8 : Operation 211 [1/1] (0.00ns)   --->   "%windows_filter_val_0_35 = phi i18 [ %tmp_V, %branch109 ], [ %tmp_V_47, %branch108 ], [ %tmp_V_46, %branch107 ], [ %tmp_V_45, %branch106 ], [ %tmp_V_44, %branch105 ], [ %tmp_V_43, %branch104 ], [ %tmp_V_42, %branch103 ], [ %tmp_V_41, %branch102 ], [ %tmp_V_40, %branch101 ], [ %tmp_V_39, %branch100 ]"
ST_8 : Operation 212 [1/1] (0.00ns)   --->   "%windows_filter_val_0_36 = load i18* %windows_filter_val_0" [SRC/1_keras.cpp:382->SRC/1_keras.cpp:112->SRC/1_keras.cpp:83->SRC/1_keras.cpp:28]
ST_8 : Operation 213 [1/1] (0.00ns)   --->   "%weight_in_V_1_0_loa = load i18* %weight_in_V_1_0_s" [SRC/1_keras.cpp:382->SRC/1_keras.cpp:112->SRC/1_keras.cpp:83->SRC/1_keras.cpp:28]
ST_8 : Operation 214 [1/1] (6.38ns)   --->   "%sum_V_1 = call fastcc i18 @mult_add(i18 %windows_filter_val_0_36, i18 %weight_in_V_1_0_loa, i18 %sum_V)" [SRC/1_keras.cpp:382->SRC/1_keras.cpp:112->SRC/1_keras.cpp:83->SRC/1_keras.cpp:28]   --->   Core 0 '' <Latency = 0> <II = 1> <Delay = 1.00> <Generic> <Opcode : >
ST_8 : Operation 215 [1/1] (0.00ns)   --->   "%empty_192 = call i32 (...)* @_ssdm_op_SpecRegionEnd([17 x i8]* @p_str13, i32 %tmp_50)" [SRC/1_keras.cpp:116->SRC/1_keras.cpp:83->SRC/1_keras.cpp:28]
ST_8 : Operation 216 [1/1] (0.00ns)   --->   "store i18 %windows_filter_val_0_35, i18* %windows_filter_val_0_17" [C:/Xilinx/Vivado/2017.4/common/technology/autopilot/hls/hls_video_mem.h:405->C:/Xilinx/Vivado/2017.4/common/technology/autopilot/hls/hls_video_mem.h:468->SRC/1_keras.cpp:109->SRC/1_keras.cpp:83->SRC/1_keras.cpp:28]
ST_8 : Operation 217 [1/1] (0.00ns)   --->   "store i18 %windows_filter_val_0_34, i18* %windows_filter_val_0_16" [C:/Xilinx/Vivado/2017.4/common/technology/autopilot/hls/hls_video_mem.h:127->C:/Xilinx/Vivado/2017.4/common/technology/autopilot/hls/hls_video_mem.h:533->SRC/1_keras.cpp:108->SRC/1_keras.cpp:83->SRC/1_keras.cpp:28]
ST_8 : Operation 218 [1/1] (0.00ns)   --->   "store i18 %windows_filter_val_0_33, i18* %windows_filter_val_0_15" [C:/Xilinx/Vivado/2017.4/common/technology/autopilot/hls/hls_video_mem.h:127->C:/Xilinx/Vivado/2017.4/common/technology/autopilot/hls/hls_video_mem.h:533->SRC/1_keras.cpp:108->SRC/1_keras.cpp:83->SRC/1_keras.cpp:28]
ST_8 : Operation 219 [1/1] (0.00ns)   --->   "store i18 %windows_filter_val_0_32, i18* %windows_filter_val_0_14" [C:/Xilinx/Vivado/2017.4/common/technology/autopilot/hls/hls_video_mem.h:127->C:/Xilinx/Vivado/2017.4/common/technology/autopilot/hls/hls_video_mem.h:533->SRC/1_keras.cpp:108->SRC/1_keras.cpp:83->SRC/1_keras.cpp:28]
ST_8 : Operation 220 [1/1] (0.00ns)   --->   "store i18 %windows_filter_val_0_31, i18* %windows_filter_val_0_13" [C:/Xilinx/Vivado/2017.4/common/technology/autopilot/hls/hls_video_mem.h:127->C:/Xilinx/Vivado/2017.4/common/technology/autopilot/hls/hls_video_mem.h:533->SRC/1_keras.cpp:108->SRC/1_keras.cpp:83->SRC/1_keras.cpp:28]
ST_8 : Operation 221 [1/1] (0.00ns)   --->   "store i18 %windows_filter_val_0_30, i18* %windows_filter_val_0_12" [C:/Xilinx/Vivado/2017.4/common/technology/autopilot/hls/hls_video_mem.h:127->C:/Xilinx/Vivado/2017.4/common/technology/autopilot/hls/hls_video_mem.h:533->SRC/1_keras.cpp:108->SRC/1_keras.cpp:83->SRC/1_keras.cpp:28]
ST_8 : Operation 222 [1/1] (0.00ns)   --->   "store i18 %windows_filter_val_0_29, i18* %windows_filter_val_0_11" [C:/Xilinx/Vivado/2017.4/common/technology/autopilot/hls/hls_video_mem.h:127->C:/Xilinx/Vivado/2017.4/common/technology/autopilot/hls/hls_video_mem.h:533->SRC/1_keras.cpp:108->SRC/1_keras.cpp:83->SRC/1_keras.cpp:28]
ST_8 : Operation 223 [1/1] (0.00ns)   --->   "store i18 %windows_filter_val_0_28, i18* %windows_filter_val_0_10" [C:/Xilinx/Vivado/2017.4/common/technology/autopilot/hls/hls_video_mem.h:127->C:/Xilinx/Vivado/2017.4/common/technology/autopilot/hls/hls_video_mem.h:533->SRC/1_keras.cpp:108->SRC/1_keras.cpp:83->SRC/1_keras.cpp:28]
ST_8 : Operation 224 [1/1] (0.00ns)   --->   "store i18 %windows_filter_val_0_27, i18* %windows_filter_val_0_9" [C:/Xilinx/Vivado/2017.4/common/technology/autopilot/hls/hls_video_mem.h:127->C:/Xilinx/Vivado/2017.4/common/technology/autopilot/hls/hls_video_mem.h:533->SRC/1_keras.cpp:108->SRC/1_keras.cpp:83->SRC/1_keras.cpp:28]
ST_8 : Operation 225 [1/1] (0.00ns)   --->   "store i18 %windows_filter_val_0_26, i18* %windows_filter_val_0_8" [C:/Xilinx/Vivado/2017.4/common/technology/autopilot/hls/hls_video_mem.h:127->C:/Xilinx/Vivado/2017.4/common/technology/autopilot/hls/hls_video_mem.h:533->SRC/1_keras.cpp:108->SRC/1_keras.cpp:83->SRC/1_keras.cpp:28]
ST_8 : Operation 226 [1/1] (0.00ns)   --->   "store i18 %windows_filter_val_0_25, i18* %windows_filter_val_0_7" [C:/Xilinx/Vivado/2017.4/common/technology/autopilot/hls/hls_video_mem.h:127->C:/Xilinx/Vivado/2017.4/common/technology/autopilot/hls/hls_video_mem.h:533->SRC/1_keras.cpp:108->SRC/1_keras.cpp:83->SRC/1_keras.cpp:28]
ST_8 : Operation 227 [1/1] (0.00ns)   --->   "store i18 %windows_filter_val_0_24, i18* %windows_filter_val_0_6" [C:/Xilinx/Vivado/2017.4/common/technology/autopilot/hls/hls_video_mem.h:127->C:/Xilinx/Vivado/2017.4/common/technology/autopilot/hls/hls_video_mem.h:533->SRC/1_keras.cpp:108->SRC/1_keras.cpp:83->SRC/1_keras.cpp:28]
ST_8 : Operation 228 [1/1] (0.00ns)   --->   "store i18 %windows_filter_val_0_23, i18* %windows_filter_val_0_5" [C:/Xilinx/Vivado/2017.4/common/technology/autopilot/hls/hls_video_mem.h:127->C:/Xilinx/Vivado/2017.4/common/technology/autopilot/hls/hls_video_mem.h:533->SRC/1_keras.cpp:108->SRC/1_keras.cpp:83->SRC/1_keras.cpp:28]
ST_8 : Operation 229 [1/1] (0.00ns)   --->   "store i18 %windows_filter_val_0_22, i18* %windows_filter_val_0_4" [C:/Xilinx/Vivado/2017.4/common/technology/autopilot/hls/hls_video_mem.h:127->C:/Xilinx/Vivado/2017.4/common/technology/autopilot/hls/hls_video_mem.h:533->SRC/1_keras.cpp:108->SRC/1_keras.cpp:83->SRC/1_keras.cpp:28]
ST_8 : Operation 230 [1/1] (0.00ns)   --->   "store i18 %windows_filter_val_0_21, i18* %windows_filter_val_0_3" [C:/Xilinx/Vivado/2017.4/common/technology/autopilot/hls/hls_video_mem.h:127->C:/Xilinx/Vivado/2017.4/common/technology/autopilot/hls/hls_video_mem.h:533->SRC/1_keras.cpp:108->SRC/1_keras.cpp:83->SRC/1_keras.cpp:28]
ST_8 : Operation 231 [1/1] (0.00ns)   --->   "store i18 %windows_filter_val_0_20, i18* %windows_filter_val_0_2" [C:/Xilinx/Vivado/2017.4/common/technology/autopilot/hls/hls_video_mem.h:127->C:/Xilinx/Vivado/2017.4/common/technology/autopilot/hls/hls_video_mem.h:533->SRC/1_keras.cpp:108->SRC/1_keras.cpp:83->SRC/1_keras.cpp:28]
ST_8 : Operation 232 [1/1] (0.00ns)   --->   "store i18 %windows_filter_val_0_19, i18* %windows_filter_val_0_1" [C:/Xilinx/Vivado/2017.4/common/technology/autopilot/hls/hls_video_mem.h:127->C:/Xilinx/Vivado/2017.4/common/technology/autopilot/hls/hls_video_mem.h:533->SRC/1_keras.cpp:108->SRC/1_keras.cpp:83->SRC/1_keras.cpp:28]
ST_8 : Operation 233 [1/1] (0.00ns)   --->   "store i18 %windows_filter_val_0_18, i18* %windows_filter_val_0" [C:/Xilinx/Vivado/2017.4/common/technology/autopilot/hls/hls_video_mem.h:127->C:/Xilinx/Vivado/2017.4/common/technology/autopilot/hls/hls_video_mem.h:533->SRC/1_keras.cpp:108->SRC/1_keras.cpp:83->SRC/1_keras.cpp:28]
ST_8 : Operation 234 [1/1] (0.00ns)   --->   "br label %.preheader.i.i" [SRC/1_keras.cpp:105->SRC/1_keras.cpp:83->SRC/1_keras.cpp:28]

 <State 9> : 6.38ns
ST_9 : Operation 235 [1/1] (0.00ns)   --->   "%weight_in_V_1_1_loa = load i18* %weight_in_V_1_1_s" [SRC/1_keras.cpp:382->SRC/1_keras.cpp:112->SRC/1_keras.cpp:83->SRC/1_keras.cpp:28]
ST_9 : Operation 236 [1/1] (6.38ns)   --->   "%sum_V_2 = call fastcc i18 @mult_add(i18 %windows_filter_val_0_18, i18 %weight_in_V_1_1_loa, i18 %sum_V_1)" [SRC/1_keras.cpp:382->SRC/1_keras.cpp:112->SRC/1_keras.cpp:83->SRC/1_keras.cpp:28]   --->   Core 0 '' <Latency = 0> <II = 1> <Delay = 1.00> <Generic> <Opcode : >

 <State 10> : 6.38ns
ST_10 : Operation 237 [1/1] (0.00ns)   --->   "%weight_in_V_1_2_loa = load i18* %weight_in_V_1_2_s" [SRC/1_keras.cpp:382->SRC/1_keras.cpp:112->SRC/1_keras.cpp:83->SRC/1_keras.cpp:28]
ST_10 : Operation 238 [1/1] (6.38ns)   --->   "%sum_V_3 = call fastcc i18 @mult_add(i18 %windows_filter_val_0_19, i18 %weight_in_V_1_2_loa, i18 %sum_V_2)" [SRC/1_keras.cpp:382->SRC/1_keras.cpp:112->SRC/1_keras.cpp:83->SRC/1_keras.cpp:28]   --->   Core 0 '' <Latency = 0> <II = 1> <Delay = 1.00> <Generic> <Opcode : >

 <State 11> : 6.38ns
ST_11 : Operation 239 [1/1] (0.00ns)   --->   "%weight_in_V_1_3_loa = load i18* %weight_in_V_1_3_s" [SRC/1_keras.cpp:382->SRC/1_keras.cpp:112->SRC/1_keras.cpp:83->SRC/1_keras.cpp:28]
ST_11 : Operation 240 [1/1] (6.38ns)   --->   "%sum_V_4 = call fastcc i18 @mult_add(i18 %windows_filter_val_0_20, i18 %weight_in_V_1_3_loa, i18 %sum_V_3)" [SRC/1_keras.cpp:382->SRC/1_keras.cpp:112->SRC/1_keras.cpp:83->SRC/1_keras.cpp:28]   --->   Core 0 '' <Latency = 0> <II = 1> <Delay = 1.00> <Generic> <Opcode : >

 <State 12> : 6.38ns
ST_12 : Operation 241 [1/1] (0.00ns)   --->   "%weight_in_V_1_4_loa = load i18* %weight_in_V_1_4_s" [SRC/1_keras.cpp:382->SRC/1_keras.cpp:112->SRC/1_keras.cpp:83->SRC/1_keras.cpp:28]
ST_12 : Operation 242 [1/1] (6.38ns)   --->   "%sum_V_5 = call fastcc i18 @mult_add(i18 %windows_filter_val_0_21, i18 %weight_in_V_1_4_loa, i18 %sum_V_4)" [SRC/1_keras.cpp:382->SRC/1_keras.cpp:112->SRC/1_keras.cpp:83->SRC/1_keras.cpp:28]   --->   Core 0 '' <Latency = 0> <II = 1> <Delay = 1.00> <Generic> <Opcode : >

 <State 13> : 6.38ns
ST_13 : Operation 243 [1/1] (0.00ns)   --->   "%weight_in_V_1_5_loa = load i18* %weight_in_V_1_5_s" [SRC/1_keras.cpp:382->SRC/1_keras.cpp:112->SRC/1_keras.cpp:83->SRC/1_keras.cpp:28]
ST_13 : Operation 244 [1/1] (6.38ns)   --->   "%sum_V_6 = call fastcc i18 @mult_add(i18 %windows_filter_val_0_22, i18 %weight_in_V_1_5_loa, i18 %sum_V_5)" [SRC/1_keras.cpp:382->SRC/1_keras.cpp:112->SRC/1_keras.cpp:83->SRC/1_keras.cpp:28]   --->   Core 0 '' <Latency = 0> <II = 1> <Delay = 1.00> <Generic> <Opcode : >

 <State 14> : 6.38ns
ST_14 : Operation 245 [1/1] (0.00ns)   --->   "%weight_in_V_1_6_loa = load i18* %weight_in_V_1_6_s" [SRC/1_keras.cpp:382->SRC/1_keras.cpp:112->SRC/1_keras.cpp:83->SRC/1_keras.cpp:28]
ST_14 : Operation 246 [1/1] (6.38ns)   --->   "%sum_V_7 = call fastcc i18 @mult_add(i18 %windows_filter_val_0_23, i18 %weight_in_V_1_6_loa, i18 %sum_V_6)" [SRC/1_keras.cpp:382->SRC/1_keras.cpp:112->SRC/1_keras.cpp:83->SRC/1_keras.cpp:28]   --->   Core 0 '' <Latency = 0> <II = 1> <Delay = 1.00> <Generic> <Opcode : >

 <State 15> : 6.38ns
ST_15 : Operation 247 [1/1] (0.00ns)   --->   "%weight_in_V_1_7_loa = load i18* %weight_in_V_1_7_s" [SRC/1_keras.cpp:382->SRC/1_keras.cpp:112->SRC/1_keras.cpp:83->SRC/1_keras.cpp:28]
ST_15 : Operation 248 [1/1] (6.38ns)   --->   "%sum_V_8 = call fastcc i18 @mult_add(i18 %windows_filter_val_0_24, i18 %weight_in_V_1_7_loa, i18 %sum_V_7)" [SRC/1_keras.cpp:382->SRC/1_keras.cpp:112->SRC/1_keras.cpp:83->SRC/1_keras.cpp:28]   --->   Core 0 '' <Latency = 0> <II = 1> <Delay = 1.00> <Generic> <Opcode : >

 <State 16> : 6.38ns
ST_16 : Operation 249 [1/1] (0.00ns)   --->   "%weight_in_V_1_8_loa = load i18* %weight_in_V_1_8_s" [SRC/1_keras.cpp:382->SRC/1_keras.cpp:112->SRC/1_keras.cpp:83->SRC/1_keras.cpp:28]
ST_16 : Operation 250 [1/1] (6.38ns)   --->   "%sum_V_9 = call fastcc i18 @mult_add(i18 %windows_filter_val_0_25, i18 %weight_in_V_1_8_loa, i18 %sum_V_8)" [SRC/1_keras.cpp:382->SRC/1_keras.cpp:112->SRC/1_keras.cpp:83->SRC/1_keras.cpp:28]   --->   Core 0 '' <Latency = 0> <II = 1> <Delay = 1.00> <Generic> <Opcode : >

 <State 17> : 6.38ns
ST_17 : Operation 251 [1/1] (0.00ns)   --->   "%weight_in_V_1_9_loa = load i18* %weight_in_V_1_9_s" [SRC/1_keras.cpp:382->SRC/1_keras.cpp:112->SRC/1_keras.cpp:83->SRC/1_keras.cpp:28]
ST_17 : Operation 252 [1/1] (6.38ns)   --->   "%sum_V_10 = call fastcc i18 @mult_add(i18 %windows_filter_val_0_26, i18 %weight_in_V_1_9_loa, i18 %sum_V_9)" [SRC/1_keras.cpp:382->SRC/1_keras.cpp:112->SRC/1_keras.cpp:83->SRC/1_keras.cpp:28]   --->   Core 0 '' <Latency = 0> <II = 1> <Delay = 1.00> <Generic> <Opcode : >

 <State 18> : 6.38ns
ST_18 : Operation 253 [1/1] (0.00ns)   --->   "%weight_in_V_1_10_lo = load i18* %weight_in_V_1_10_s" [SRC/1_keras.cpp:382->SRC/1_keras.cpp:112->SRC/1_keras.cpp:83->SRC/1_keras.cpp:28]
ST_18 : Operation 254 [1/1] (6.38ns)   --->   "%sum_V_11 = call fastcc i18 @mult_add(i18 %windows_filter_val_0_27, i18 %weight_in_V_1_10_lo, i18 %sum_V_10)" [SRC/1_keras.cpp:382->SRC/1_keras.cpp:112->SRC/1_keras.cpp:83->SRC/1_keras.cpp:28]   --->   Core 0 '' <Latency = 0> <II = 1> <Delay = 1.00> <Generic> <Opcode : >

 <State 19> : 6.38ns
ST_19 : Operation 255 [1/1] (0.00ns)   --->   "%weight_in_V_1_11_lo = load i18* %weight_in_V_1_11_s" [SRC/1_keras.cpp:382->SRC/1_keras.cpp:112->SRC/1_keras.cpp:83->SRC/1_keras.cpp:28]
ST_19 : Operation 256 [1/1] (6.38ns)   --->   "%sum_V_12 = call fastcc i18 @mult_add(i18 %windows_filter_val_0_28, i18 %weight_in_V_1_11_lo, i18 %sum_V_11)" [SRC/1_keras.cpp:382->SRC/1_keras.cpp:112->SRC/1_keras.cpp:83->SRC/1_keras.cpp:28]   --->   Core 0 '' <Latency = 0> <II = 1> <Delay = 1.00> <Generic> <Opcode : >

 <State 20> : 6.38ns
ST_20 : Operation 257 [1/1] (0.00ns)   --->   "%weight_in_V_1_12_lo = load i18* %weight_in_V_1_12_s" [SRC/1_keras.cpp:382->SRC/1_keras.cpp:112->SRC/1_keras.cpp:83->SRC/1_keras.cpp:28]
ST_20 : Operation 258 [1/1] (6.38ns)   --->   "%sum_V_13 = call fastcc i18 @mult_add(i18 %windows_filter_val_0_29, i18 %weight_in_V_1_12_lo, i18 %sum_V_12)" [SRC/1_keras.cpp:382->SRC/1_keras.cpp:112->SRC/1_keras.cpp:83->SRC/1_keras.cpp:28]   --->   Core 0 '' <Latency = 0> <II = 1> <Delay = 1.00> <Generic> <Opcode : >

 <State 21> : 6.38ns
ST_21 : Operation 259 [1/1] (0.00ns)   --->   "%weight_in_V_1_13_lo = load i18* %weight_in_V_1_13_s" [SRC/1_keras.cpp:382->SRC/1_keras.cpp:112->SRC/1_keras.cpp:83->SRC/1_keras.cpp:28]
ST_21 : Operation 260 [1/1] (6.38ns)   --->   "%sum_V_14 = call fastcc i18 @mult_add(i18 %windows_filter_val_0_30, i18 %weight_in_V_1_13_lo, i18 %sum_V_13)" [SRC/1_keras.cpp:382->SRC/1_keras.cpp:112->SRC/1_keras.cpp:83->SRC/1_keras.cpp:28]   --->   Core 0 '' <Latency = 0> <II = 1> <Delay = 1.00> <Generic> <Opcode : >

 <State 22> : 6.38ns
ST_22 : Operation 261 [1/1] (0.00ns)   --->   "%weight_in_V_1_14_lo = load i18* %weight_in_V_1_14_s" [SRC/1_keras.cpp:382->SRC/1_keras.cpp:112->SRC/1_keras.cpp:83->SRC/1_keras.cpp:28]
ST_22 : Operation 262 [1/1] (6.38ns)   --->   "%sum_V_15 = call fastcc i18 @mult_add(i18 %windows_filter_val_0_31, i18 %weight_in_V_1_14_lo, i18 %sum_V_14)" [SRC/1_keras.cpp:382->SRC/1_keras.cpp:112->SRC/1_keras.cpp:83->SRC/1_keras.cpp:28]   --->   Core 0 '' <Latency = 0> <II = 1> <Delay = 1.00> <Generic> <Opcode : >

 <State 23> : 6.38ns
ST_23 : Operation 263 [1/1] (0.00ns)   --->   "%weight_in_V_1_15_lo = load i18* %weight_in_V_1_15_s" [SRC/1_keras.cpp:382->SRC/1_keras.cpp:112->SRC/1_keras.cpp:83->SRC/1_keras.cpp:28]
ST_23 : Operation 264 [1/1] (6.38ns)   --->   "%sum_V_16 = call fastcc i18 @mult_add(i18 %windows_filter_val_0_32, i18 %weight_in_V_1_15_lo, i18 %sum_V_15)" [SRC/1_keras.cpp:382->SRC/1_keras.cpp:112->SRC/1_keras.cpp:83->SRC/1_keras.cpp:28]   --->   Core 0 '' <Latency = 0> <II = 1> <Delay = 1.00> <Generic> <Opcode : >

 <State 24> : 6.38ns
ST_24 : Operation 265 [1/1] (0.00ns)   --->   "%weight_in_V_1_16_lo = load i18* %weight_in_V_1_16_s" [SRC/1_keras.cpp:382->SRC/1_keras.cpp:112->SRC/1_keras.cpp:83->SRC/1_keras.cpp:28]
ST_24 : Operation 266 [1/1] (6.38ns)   --->   "%sum_V_17 = call fastcc i18 @mult_add(i18 %windows_filter_val_0_33, i18 %weight_in_V_1_16_lo, i18 %sum_V_16)" [SRC/1_keras.cpp:382->SRC/1_keras.cpp:112->SRC/1_keras.cpp:83->SRC/1_keras.cpp:28]   --->   Core 0 '' <Latency = 0> <II = 1> <Delay = 1.00> <Generic> <Opcode : >

 <State 25> : 6.38ns
ST_25 : Operation 267 [1/1] (0.00ns)   --->   "%weight_in_V_1_17_lo = load i18* %weight_in_V_1_17_s" [SRC/1_keras.cpp:382->SRC/1_keras.cpp:112->SRC/1_keras.cpp:83->SRC/1_keras.cpp:28]
ST_25 : Operation 268 [1/1] (6.38ns)   --->   "%sum_V_18 = call fastcc i18 @mult_add(i18 %windows_filter_val_0_34, i18 %weight_in_V_1_17_lo, i18 %sum_V_17)" [SRC/1_keras.cpp:382->SRC/1_keras.cpp:112->SRC/1_keras.cpp:83->SRC/1_keras.cpp:28]   --->   Core 0 '' <Latency = 0> <II = 1> <Delay = 1.00> <Generic> <Opcode : >

 <State 26> : 7.75ns
ST_26 : Operation 269 [1/1] (0.00ns)   --->   "%weight_in_V_1_18_lo = load i18* %weight_in_V_1_18_s" [SRC/1_keras.cpp:382->SRC/1_keras.cpp:112->SRC/1_keras.cpp:83->SRC/1_keras.cpp:28]
ST_26 : Operation 270 [1/1] (6.38ns)   --->   "%sum_V_20 = call fastcc i18 @mult_add(i18 %windows_filter_val_0_35, i18 %weight_in_V_1_18_lo, i18 %sum_V_18)" [SRC/1_keras.cpp:382->SRC/1_keras.cpp:112->SRC/1_keras.cpp:83->SRC/1_keras.cpp:28]   --->   Core 0 '' <Latency = 0> <II = 1> <Delay = 1.00> <Generic> <Opcode : >
ST_26 : Operation 271 [1/1] (0.00ns)   --->   "%tmp_152 = trunc i18 %sum_V_20 to i17" [SRC/1_keras.cpp:112->SRC/1_keras.cpp:83->SRC/1_keras.cpp:28]
ST_26 : Operation 272 [1/1] (0.00ns)   --->   "%tmp_153 = call i1 @_ssdm_op_BitSelect.i1.i18.i32(i18 %sum_V_20, i32 17)" [SRC/1_keras.cpp:366->SRC/1_keras.cpp:114->SRC/1_keras.cpp:83->SRC/1_keras.cpp:28]
ST_26 : Operation 273 [1/1] (1.37ns)   --->   "%tmp_V_49 = select i1 %tmp_153, i17 0, i17 %tmp_152" [SRC/1_keras.cpp:366->SRC/1_keras.cpp:114->SRC/1_keras.cpp:83->SRC/1_keras.cpp:28]   --->   Core 26 'Sel' <Latency = 0> <II = 1> <Delay = 1.37> <FuncUnit> <Opcode : 'select'> <InPorts = 3> <OutPorts = 1>
ST_26 : Operation 274 [1/1] (0.00ns)   --->   "br label %poslin.exit.i.i291" [SRC/1_keras.cpp:114->SRC/1_keras.cpp:83->SRC/1_keras.cpp:28]
ST_26 : Operation 275 [1/1] (0.00ns)   --->   "br label %poslin.exit.i.i291" [SRC/1_keras.cpp:114->SRC/1_keras.cpp:83->SRC/1_keras.cpp:28]
ST_26 : Operation 276 [1/1] (0.00ns)   --->   "br label %poslin.exit.i.i291" [SRC/1_keras.cpp:114->SRC/1_keras.cpp:83->SRC/1_keras.cpp:28]
ST_26 : Operation 277 [1/1] (0.00ns)   --->   "br label %poslin.exit.i.i291" [SRC/1_keras.cpp:114->SRC/1_keras.cpp:83->SRC/1_keras.cpp:28]
ST_26 : Operation 278 [1/1] (0.00ns)   --->   "br label %poslin.exit.i.i291" [SRC/1_keras.cpp:114->SRC/1_keras.cpp:83->SRC/1_keras.cpp:28]
ST_26 : Operation 279 [1/1] (0.00ns)   --->   "br label %poslin.exit.i.i291" [SRC/1_keras.cpp:114->SRC/1_keras.cpp:83->SRC/1_keras.cpp:28]
ST_26 : Operation 280 [1/1] (0.00ns)   --->   "br label %poslin.exit.i.i291" [SRC/1_keras.cpp:114->SRC/1_keras.cpp:83->SRC/1_keras.cpp:28]
ST_26 : Operation 281 [1/1] (0.00ns)   --->   "br label %poslin.exit.i.i291" [SRC/1_keras.cpp:114->SRC/1_keras.cpp:83->SRC/1_keras.cpp:28]
ST_26 : Operation 282 [1/1] (0.00ns)   --->   "br label %poslin.exit.i.i291" [SRC/1_keras.cpp:114->SRC/1_keras.cpp:83->SRC/1_keras.cpp:28]
ST_26 : Operation 283 [1/1] (0.00ns)   --->   "br label %poslin.exit.i.i291" [SRC/1_keras.cpp:114->SRC/1_keras.cpp:83->SRC/1_keras.cpp:28]

 <State 27> : 3.61ns
ST_27 : Operation 284 [1/1] (0.00ns)   --->   "%tmp_V_1 = zext i17 %tmp_V_49 to i18" [SRC/1_keras.cpp:366->SRC/1_keras.cpp:114->SRC/1_keras.cpp:83->SRC/1_keras.cpp:28]
ST_27 : Operation 285 [1/1] (3.61ns)   --->   "call void @_ssdm_op_Write.ap_fifo.volatile.i18P(i18* %maxpool_8_V_V, i18 %tmp_V_1)" [SRC/1_keras.cpp:114->SRC/1_keras.cpp:83->SRC/1_keras.cpp:28]   --->   Core 32 'FIFO' <Latency = 0> <II = 1> <Delay = 3.61> <Storage> <Opcode : 'read' 'write' 'nbread' 'nbwrite'> <Ports = 0> <Width = 18> <Depth = 5> <FIFO>
ST_27 : Operation 286 [1/1] (3.61ns)   --->   "call void @_ssdm_op_Write.ap_fifo.volatile.i18P(i18* %maxpool_7_V_V, i18 %tmp_V_1)" [SRC/1_keras.cpp:114->SRC/1_keras.cpp:83->SRC/1_keras.cpp:28]   --->   Core 32 'FIFO' <Latency = 0> <II = 1> <Delay = 3.61> <Storage> <Opcode : 'read' 'write' 'nbread' 'nbwrite'> <Ports = 0> <Width = 18> <Depth = 5> <FIFO>
ST_27 : Operation 287 [1/1] (3.61ns)   --->   "call void @_ssdm_op_Write.ap_fifo.volatile.i18P(i18* %maxpool_6_V_V, i18 %tmp_V_1)" [SRC/1_keras.cpp:114->SRC/1_keras.cpp:83->SRC/1_keras.cpp:28]   --->   Core 32 'FIFO' <Latency = 0> <II = 1> <Delay = 3.61> <Storage> <Opcode : 'read' 'write' 'nbread' 'nbwrite'> <Ports = 0> <Width = 18> <Depth = 5> <FIFO>
ST_27 : Operation 288 [1/1] (3.61ns)   --->   "call void @_ssdm_op_Write.ap_fifo.volatile.i18P(i18* %maxpool_5_V_V, i18 %tmp_V_1)" [SRC/1_keras.cpp:114->SRC/1_keras.cpp:83->SRC/1_keras.cpp:28]   --->   Core 32 'FIFO' <Latency = 0> <II = 1> <Delay = 3.61> <Storage> <Opcode : 'read' 'write' 'nbread' 'nbwrite'> <Ports = 0> <Width = 18> <Depth = 5> <FIFO>
ST_27 : Operation 289 [1/1] (3.61ns)   --->   "call void @_ssdm_op_Write.ap_fifo.volatile.i18P(i18* %maxpool_4_V_V, i18 %tmp_V_1)" [SRC/1_keras.cpp:114->SRC/1_keras.cpp:83->SRC/1_keras.cpp:28]   --->   Core 32 'FIFO' <Latency = 0> <II = 1> <Delay = 3.61> <Storage> <Opcode : 'read' 'write' 'nbread' 'nbwrite'> <Ports = 0> <Width = 18> <Depth = 5> <FIFO>
ST_27 : Operation 290 [1/1] (3.61ns)   --->   "call void @_ssdm_op_Write.ap_fifo.volatile.i18P(i18* %maxpool_3_V_V, i18 %tmp_V_1)" [SRC/1_keras.cpp:114->SRC/1_keras.cpp:83->SRC/1_keras.cpp:28]   --->   Core 32 'FIFO' <Latency = 0> <II = 1> <Delay = 3.61> <Storage> <Opcode : 'read' 'write' 'nbread' 'nbwrite'> <Ports = 0> <Width = 18> <Depth = 5> <FIFO>
ST_27 : Operation 291 [1/1] (3.61ns)   --->   "call void @_ssdm_op_Write.ap_fifo.volatile.i18P(i18* %maxpool_2_V_V, i18 %tmp_V_1)" [SRC/1_keras.cpp:114->SRC/1_keras.cpp:83->SRC/1_keras.cpp:28]   --->   Core 32 'FIFO' <Latency = 0> <II = 1> <Delay = 3.61> <Storage> <Opcode : 'read' 'write' 'nbread' 'nbwrite'> <Ports = 0> <Width = 18> <Depth = 5> <FIFO>
ST_27 : Operation 292 [1/1] (3.61ns)   --->   "call void @_ssdm_op_Write.ap_fifo.volatile.i18P(i18* %maxpool_1_V_V, i18 %tmp_V_1)" [SRC/1_keras.cpp:114->SRC/1_keras.cpp:83->SRC/1_keras.cpp:28]   --->   Core 32 'FIFO' <Latency = 0> <II = 1> <Delay = 3.61> <Storage> <Opcode : 'read' 'write' 'nbread' 'nbwrite'> <Ports = 0> <Width = 18> <Depth = 5> <FIFO>
ST_27 : Operation 293 [1/1] (3.61ns)   --->   "call void @_ssdm_op_Write.ap_fifo.volatile.i18P(i18* %maxpool_0_V_V, i18 %tmp_V_1)" [SRC/1_keras.cpp:114->SRC/1_keras.cpp:83->SRC/1_keras.cpp:28]   --->   Core 32 'FIFO' <Latency = 0> <II = 1> <Delay = 3.61> <Storage> <Opcode : 'read' 'write' 'nbread' 'nbwrite'> <Ports = 0> <Width = 18> <Depth = 5> <FIFO>
ST_27 : Operation 294 [1/1] (3.61ns)   --->   "call void @_ssdm_op_Write.ap_fifo.volatile.i18P(i18* %maxpool_9_V_V, i18 %tmp_V_1)" [SRC/1_keras.cpp:114->SRC/1_keras.cpp:83->SRC/1_keras.cpp:28]   --->   Core 32 'FIFO' <Latency = 0> <II = 1> <Delay = 3.61> <Storage> <Opcode : 'read' 'write' 'nbread' 'nbwrite'> <Ports = 0> <Width = 18> <Depth = 5> <FIFO>
ST_27 : Operation 295 [1/1] (0.00ns)   --->   "br label %._crit_edge.i.i" [SRC/1_keras.cpp:115->SRC/1_keras.cpp:83->SRC/1_keras.cpp:28]

 <State 28> : 0.00ns
ST_28 : Operation 296 [1/1] (0.00ns)   --->   "%empty = call i32 (...)* @_ssdm_op_SpecRegionEnd([10 x i8]* @p_str11, i32 %tmp_48)" [SRC/1_keras.cpp:84->SRC/1_keras.cpp:28]
ST_28 : Operation 297 [1/1] (0.00ns)   --->   "br label %0" [SRC/1_keras.cpp:79->SRC/1_keras.cpp:28]


============================================================
+ Verbose Summary: Timing violations
============================================================
Target clock period: 10ns, clock uncertainty: 1.25ns.

 <State 1>: 1.77ns
The critical path consists of the following:
	multiplexor before 'phi' operation ('i') with incoming values : ('i', SRC/1_keras.cpp:79->SRC/1_keras.cpp:28) [86]  (1.77 ns)

 <State 2>: 3.25ns
The critical path consists of the following:
	'phi' operation ('i') with incoming values : ('i', SRC/1_keras.cpp:79->SRC/1_keras.cpp:28) [86]  (0 ns)
	'getelementptr' operation ('Layer1_BiasArray_V_a', SRC/1_keras.cpp:83->SRC/1_keras.cpp:28) [97]  (0 ns)
	'load' operation ('sum.V', SRC/1_keras.cpp:83->SRC/1_keras.cpp:28) on array 'Layer1_BiasArray_V' [98]  (3.25 ns)

 <State 3>: 3.25ns
The critical path consists of the following:
	'load' operation ('sum.V', SRC/1_keras.cpp:83->SRC/1_keras.cpp:28) on array 'Layer1_BiasArray_V' [98]  (3.25 ns)

 <State 4>: 5.17ns
The critical path consists of the following:
	'phi' operation ('i') with incoming values : ('i', SRC/1_keras.cpp:98->SRC/1_keras.cpp:83->SRC/1_keras.cpp:28) [101]  (0 ns)
	'add' operation ('tmp_s', SRC/1_keras.cpp:100->SRC/1_keras.cpp:83->SRC/1_keras.cpp:28) [111]  (1.92 ns)
	'getelementptr' operation ('Layer1_WeightArray_V_1', SRC/1_keras.cpp:100->SRC/1_keras.cpp:83->SRC/1_keras.cpp:28) [113]  (0 ns)
	'load' operation ('weight_in[0].V', SRC/1_keras.cpp:100->SRC/1_keras.cpp:83->SRC/1_keras.cpp:28) on array 'Layer1_WeightArray_V' [114]  (3.25 ns)

 <State 5>: 3.25ns
The critical path consists of the following:
	'load' operation ('weight_in[0].V', SRC/1_keras.cpp:100->SRC/1_keras.cpp:83->SRC/1_keras.cpp:28) on array 'Layer1_WeightArray_V' [114]  (3.25 ns)
	'store' operation (SRC/1_keras.cpp:100->SRC/1_keras.cpp:83->SRC/1_keras.cpp:28) of variable 'weight_in[0].V', SRC/1_keras.cpp:100->SRC/1_keras.cpp:83->SRC/1_keras.cpp:28 on local variable 'weight[17].V' [117]  (0 ns)

 <State 6>: 1.77ns
The critical path consists of the following:
	multiplexor before 'phi' operation ('i') with incoming values : ('i', SRC/1_keras.cpp:105->SRC/1_keras.cpp:83->SRC/1_keras.cpp:28) [179]  (1.77 ns)

 <State 7>: 2.48ns
The critical path consists of the following:
	'icmp' operation ('exitcond_i_i', SRC/1_keras.cpp:105->SRC/1_keras.cpp:83->SRC/1_keras.cpp:28) [197]  (1.55 ns)
	blocking operation 0.931 ns on control path)

 <State 8>: 6.38ns
The critical path consists of the following:
	'load' operation ('windows_filter_val_0_36', SRC/1_keras.cpp:382->SRC/1_keras.cpp:112->SRC/1_keras.cpp:83->SRC/1_keras.cpp:28) on local variable 'windows_filter.val[0].V[1]' [246]  (0 ns)
	'call' operation ('sum.V', SRC/1_keras.cpp:382->SRC/1_keras.cpp:112->SRC/1_keras.cpp:83->SRC/1_keras.cpp:28) to 'mult_add' [261]  (6.38 ns)

 <State 9>: 6.38ns
The critical path consists of the following:
	'load' operation ('weight_in_V_1_1_loa', SRC/1_keras.cpp:382->SRC/1_keras.cpp:112->SRC/1_keras.cpp:83->SRC/1_keras.cpp:28) on local variable 'weight[1].V' [248]  (0 ns)
	'call' operation ('sum.V', SRC/1_keras.cpp:382->SRC/1_keras.cpp:112->SRC/1_keras.cpp:83->SRC/1_keras.cpp:28) to 'mult_add' [262]  (6.38 ns)

 <State 10>: 6.38ns
The critical path consists of the following:
	'load' operation ('weight_in_V_1_2_loa', SRC/1_keras.cpp:382->SRC/1_keras.cpp:112->SRC/1_keras.cpp:83->SRC/1_keras.cpp:28) on local variable 'weight[2].V' [249]  (0 ns)
	'call' operation ('sum.V', SRC/1_keras.cpp:382->SRC/1_keras.cpp:112->SRC/1_keras.cpp:83->SRC/1_keras.cpp:28) to 'mult_add' [263]  (6.38 ns)

 <State 11>: 6.38ns
The critical path consists of the following:
	'load' operation ('weight_in_V_1_3_loa', SRC/1_keras.cpp:382->SRC/1_keras.cpp:112->SRC/1_keras.cpp:83->SRC/1_keras.cpp:28) on local variable 'weight[3].V' [250]  (0 ns)
	'call' operation ('sum.V', SRC/1_keras.cpp:382->SRC/1_keras.cpp:112->SRC/1_keras.cpp:83->SRC/1_keras.cpp:28) to 'mult_add' [264]  (6.38 ns)

 <State 12>: 6.38ns
The critical path consists of the following:
	'load' operation ('weight_in_V_1_4_loa', SRC/1_keras.cpp:382->SRC/1_keras.cpp:112->SRC/1_keras.cpp:83->SRC/1_keras.cpp:28) on local variable 'weight[4].V' [251]  (0 ns)
	'call' operation ('sum.V', SRC/1_keras.cpp:382->SRC/1_keras.cpp:112->SRC/1_keras.cpp:83->SRC/1_keras.cpp:28) to 'mult_add' [265]  (6.38 ns)

 <State 13>: 6.38ns
The critical path consists of the following:
	'load' operation ('weight_in_V_1_5_loa', SRC/1_keras.cpp:382->SRC/1_keras.cpp:112->SRC/1_keras.cpp:83->SRC/1_keras.cpp:28) on local variable 'weight[5].V' [252]  (0 ns)
	'call' operation ('sum.V', SRC/1_keras.cpp:382->SRC/1_keras.cpp:112->SRC/1_keras.cpp:83->SRC/1_keras.cpp:28) to 'mult_add' [266]  (6.38 ns)

 <State 14>: 6.38ns
The critical path consists of the following:
	'load' operation ('weight_in_V_1_6_loa', SRC/1_keras.cpp:382->SRC/1_keras.cpp:112->SRC/1_keras.cpp:83->SRC/1_keras.cpp:28) on local variable 'weight[6].V' [253]  (0 ns)
	'call' operation ('sum.V', SRC/1_keras.cpp:382->SRC/1_keras.cpp:112->SRC/1_keras.cpp:83->SRC/1_keras.cpp:28) to 'mult_add' [267]  (6.38 ns)

 <State 15>: 6.38ns
The critical path consists of the following:
	'load' operation ('weight_in_V_1_7_loa', SRC/1_keras.cpp:382->SRC/1_keras.cpp:112->SRC/1_keras.cpp:83->SRC/1_keras.cpp:28) on local variable 'weight[7].V' [254]  (0 ns)
	'call' operation ('sum.V', SRC/1_keras.cpp:382->SRC/1_keras.cpp:112->SRC/1_keras.cpp:83->SRC/1_keras.cpp:28) to 'mult_add' [268]  (6.38 ns)

 <State 16>: 6.38ns
The critical path consists of the following:
	'load' operation ('weight_in_V_1_8_loa', SRC/1_keras.cpp:382->SRC/1_keras.cpp:112->SRC/1_keras.cpp:83->SRC/1_keras.cpp:28) on local variable 'weight[8].V' [255]  (0 ns)
	'call' operation ('sum.V', SRC/1_keras.cpp:382->SRC/1_keras.cpp:112->SRC/1_keras.cpp:83->SRC/1_keras.cpp:28) to 'mult_add' [269]  (6.38 ns)

 <State 17>: 6.38ns
The critical path consists of the following:
	'load' operation ('weight_in_V_1_9_loa', SRC/1_keras.cpp:382->SRC/1_keras.cpp:112->SRC/1_keras.cpp:83->SRC/1_keras.cpp:28) on local variable 'weight[9].V' [256]  (0 ns)
	'call' operation ('sum.V', SRC/1_keras.cpp:382->SRC/1_keras.cpp:112->SRC/1_keras.cpp:83->SRC/1_keras.cpp:28) to 'mult_add' [270]  (6.38 ns)

 <State 18>: 6.38ns
The critical path consists of the following:
	'load' operation ('weight_in_V_1_10_lo', SRC/1_keras.cpp:382->SRC/1_keras.cpp:112->SRC/1_keras.cpp:83->SRC/1_keras.cpp:28) on local variable 'weight[10].V' [257]  (0 ns)
	'call' operation ('sum.V', SRC/1_keras.cpp:382->SRC/1_keras.cpp:112->SRC/1_keras.cpp:83->SRC/1_keras.cpp:28) to 'mult_add' [271]  (6.38 ns)

 <State 19>: 6.38ns
The critical path consists of the following:
	'load' operation ('weight_in_V_1_11_lo', SRC/1_keras.cpp:382->SRC/1_keras.cpp:112->SRC/1_keras.cpp:83->SRC/1_keras.cpp:28) on local variable 'weight[11].V' [258]  (0 ns)
	'call' operation ('sum.V', SRC/1_keras.cpp:382->SRC/1_keras.cpp:112->SRC/1_keras.cpp:83->SRC/1_keras.cpp:28) to 'mult_add' [272]  (6.38 ns)

 <State 20>: 6.38ns
The critical path consists of the following:
	'load' operation ('weight_in_V_1_12_lo', SRC/1_keras.cpp:382->SRC/1_keras.cpp:112->SRC/1_keras.cpp:83->SRC/1_keras.cpp:28) on local variable 'weight[12].V' [259]  (0 ns)
	'call' operation ('sum.V', SRC/1_keras.cpp:382->SRC/1_keras.cpp:112->SRC/1_keras.cpp:83->SRC/1_keras.cpp:28) to 'mult_add' [273]  (6.38 ns)

 <State 21>: 6.38ns
The critical path consists of the following:
	'load' operation ('weight_in_V_1_13_lo', SRC/1_keras.cpp:382->SRC/1_keras.cpp:112->SRC/1_keras.cpp:83->SRC/1_keras.cpp:28) on local variable 'weight[13].V' [260]  (0 ns)
	'call' operation ('sum.V', SRC/1_keras.cpp:382->SRC/1_keras.cpp:112->SRC/1_keras.cpp:83->SRC/1_keras.cpp:28) to 'mult_add' [274]  (6.38 ns)

 <State 22>: 6.38ns
The critical path consists of the following:
	'load' operation ('weight_in_V_1_14_lo', SRC/1_keras.cpp:382->SRC/1_keras.cpp:112->SRC/1_keras.cpp:83->SRC/1_keras.cpp:28) on local variable 'weight[14].V' [245]  (0 ns)
	'call' operation ('sum.V', SRC/1_keras.cpp:382->SRC/1_keras.cpp:112->SRC/1_keras.cpp:83->SRC/1_keras.cpp:28) to 'mult_add' [275]  (6.38 ns)

 <State 23>: 6.38ns
The critical path consists of the following:
	'load' operation ('weight_in_V_1_15_lo', SRC/1_keras.cpp:382->SRC/1_keras.cpp:112->SRC/1_keras.cpp:83->SRC/1_keras.cpp:28) on local variable 'weight[15].V' [244]  (0 ns)
	'call' operation ('sum.V', SRC/1_keras.cpp:382->SRC/1_keras.cpp:112->SRC/1_keras.cpp:83->SRC/1_keras.cpp:28) to 'mult_add' [276]  (6.38 ns)

 <State 24>: 6.38ns
The critical path consists of the following:
	'load' operation ('weight_in_V_1_16_lo', SRC/1_keras.cpp:382->SRC/1_keras.cpp:112->SRC/1_keras.cpp:83->SRC/1_keras.cpp:28) on local variable 'weight[16].V' [243]  (0 ns)
	'call' operation ('sum.V', SRC/1_keras.cpp:382->SRC/1_keras.cpp:112->SRC/1_keras.cpp:83->SRC/1_keras.cpp:28) to 'mult_add' [277]  (6.38 ns)

 <State 25>: 6.38ns
The critical path consists of the following:
	'load' operation ('weight_in_V_1_17_lo', SRC/1_keras.cpp:382->SRC/1_keras.cpp:112->SRC/1_keras.cpp:83->SRC/1_keras.cpp:28) on local variable 'weight[17].V' [242]  (0 ns)
	'call' operation ('sum.V', SRC/1_keras.cpp:382->SRC/1_keras.cpp:112->SRC/1_keras.cpp:83->SRC/1_keras.cpp:28) to 'mult_add' [278]  (6.38 ns)

 <State 26>: 7.75ns
The critical path consists of the following:
	'load' operation ('weight_in_V_1_18_lo', SRC/1_keras.cpp:382->SRC/1_keras.cpp:112->SRC/1_keras.cpp:83->SRC/1_keras.cpp:28) on local variable 'weight[18].V' [241]  (0 ns)
	'call' operation ('sum.V', SRC/1_keras.cpp:382->SRC/1_keras.cpp:112->SRC/1_keras.cpp:83->SRC/1_keras.cpp:28) to 'mult_add' [279]  (6.38 ns)
	'select' operation ('tmp.V', SRC/1_keras.cpp:366->SRC/1_keras.cpp:114->SRC/1_keras.cpp:83->SRC/1_keras.cpp:28) [282]  (1.37 ns)

 <State 27>: 3.61ns
The critical path consists of the following:
	fifo write on port 'maxpool_1_V_V' (SRC/1_keras.cpp:114->SRC/1_keras.cpp:83->SRC/1_keras.cpp:28) [307]  (3.61 ns)

 <State 28>: 0ns
The critical path consists of the following:


============================================================
+ Verbose Summary: Binding
============================================================
N/A
* FSMD analyzer results:
  - Output states:
 - Input state : 
  - Chain level:
	State 1
	State 2
	State 3
	State 4
	State 5
	State 6
	State 7
	State 8
	State 9
	State 10
	State 11
	State 12
	State 13
	State 14
	State 15
	State 16
	State 17
	State 18
	State 19
	State 20
	State 21
	State 22
	State 23
	State 24
	State 25
	State 26
	State 27
	State 28


============================================================
+ Verbose Summary: Datapath Resource usage 
============================================================
N/A
