

================================================================
== Vivado HLS Report for 'CNN_1D_Block_prehea'
================================================================
* Date:           Sun Jul  1 02:49:36 2018

* Version:        2017.4 (Build 2086221 on Fri Dec 15 21:13:33 MST 2017)
* Project:        Conv12
* Solution:       A_Otra
* Product family: zynq
* Target device:  xc7z020clg484-1


================================================================
== Performance Estimates
================================================================
+ Timing (ns): 
    * Summary: 
    +--------+-------+----------+------------+
    |  Clock | Target| Estimated| Uncertainty|
    +--------+-------+----------+------------+
    |ap_clk  |  10.00|      4.62|        1.25|
    +--------+-------+----------+------------+

+ Latency (clock cycles): 
    * Summary: 
    +-----+-----+-----+-----+---------+
    |  Latency  |  Interval | Pipeline|
    | min | max | min | max |   Type  |
    +-----+-----+-----+-----+---------+
    |   59|   59|   59|   59|   none  |
    +-----+-----+-----+-----+---------+

    + Detail: 
        * Instance: 
        N/A

        * Loop: 
        N/A



================================================================
== Utilization Estimates
================================================================
* Summary: 
+-----------------+---------+-------+--------+-------+
|       Name      | BRAM_18K| DSP48E|   FF   |  LUT  |
+-----------------+---------+-------+--------+-------+
|DSP              |        -|      -|       -|      -|
|Expression       |        -|      -|       0|   1028|
|FIFO             |        -|      -|       -|      -|
|Instance         |        -|      -|       -|      -|
|Memory           |        -|      -|       -|      -|
|Multiplexer      |        -|      -|       -|   1323|
|Register         |        -|      -|      61|      -|
+-----------------+---------+-------+--------+-------+
|Total            |        0|      0|      61|   2351|
+-----------------+---------+-------+--------+-------+
|Available        |      280|    220|  106400|  53200|
+-----------------+---------+-------+--------+-------+
|Utilization (%)  |        0|      0|   ~0   |      4|
+-----------------+---------+-------+--------+-------+

+ Detail: 
    * Instance: 
    N/A

    * DSP48: 
    N/A

    * Memory: 
    N/A

    * FIFO: 
    N/A

    * Expression: 
    +------------------------------+----------+-------+---+----+------------+------------+
    |         Variable Name        | Operation| DSP48E| FF| LUT| Bitwidth P0| Bitwidth P1|
    +------------------------------+----------+-------+---+----+------------+------------+
    |ap_block_state1               |    or    |      0|  0|   8|           1|           1|
    |p_sum_V_load_10_i_fu_2450_p3  |  select  |      0|  0|  17|           1|           1|
    |p_sum_V_load_11_i_fu_2472_p3  |  select  |      0|  0|  17|           1|           1|
    |p_sum_V_load_12_i_fu_2494_p3  |  select  |      0|  0|  17|           1|           1|
    |p_sum_V_load_13_i_fu_2516_p3  |  select  |      0|  0|  17|           1|           1|
    |p_sum_V_load_14_i_fu_2538_p3  |  select  |      0|  0|  17|           1|           1|
    |p_sum_V_load_15_i_fu_2560_p3  |  select  |      0|  0|  17|           1|           1|
    |p_sum_V_load_16_i_fu_2582_p3  |  select  |      0|  0|  17|           1|           1|
    |p_sum_V_load_17_i_fu_2604_p3  |  select  |      0|  0|  17|           1|           1|
    |p_sum_V_load_18_i_fu_2626_p3  |  select  |      0|  0|  17|           1|           1|
    |p_sum_V_load_19_i_fu_2648_p3  |  select  |      0|  0|  17|           1|           1|
    |p_sum_V_load_1_i_fu_2230_p3   |  select  |      0|  0|  17|           1|           1|
    |p_sum_V_load_20_i_fu_2670_p3  |  select  |      0|  0|  17|           1|           1|
    |p_sum_V_load_21_i_fu_2692_p3  |  select  |      0|  0|  17|           1|           1|
    |p_sum_V_load_22_i_fu_2714_p3  |  select  |      0|  0|  17|           1|           1|
    |p_sum_V_load_23_i_fu_2736_p3  |  select  |      0|  0|  17|           1|           1|
    |p_sum_V_load_24_i_fu_2758_p3  |  select  |      0|  0|  17|           1|           1|
    |p_sum_V_load_25_i_fu_2780_p3  |  select  |      0|  0|  17|           1|           1|
    |p_sum_V_load_26_i_fu_2802_p3  |  select  |      0|  0|  17|           1|           1|
    |p_sum_V_load_27_i_fu_2824_p3  |  select  |      0|  0|  17|           1|           1|
    |p_sum_V_load_28_i_fu_2846_p3  |  select  |      0|  0|  17|           1|           1|
    |p_sum_V_load_29_i_fu_2868_p3  |  select  |      0|  0|  17|           1|           1|
    |p_sum_V_load_2_i_fu_2252_p3   |  select  |      0|  0|  17|           1|           1|
    |p_sum_V_load_30_i_fu_2890_p3  |  select  |      0|  0|  17|           1|           1|
    |p_sum_V_load_31_i_fu_2912_p3  |  select  |      0|  0|  17|           1|           1|
    |p_sum_V_load_32_i_fu_2934_p3  |  select  |      0|  0|  17|           1|           1|
    |p_sum_V_load_33_i_fu_2956_p3  |  select  |      0|  0|  17|           1|           1|
    |p_sum_V_load_34_i_fu_2978_p3  |  select  |      0|  0|  17|           1|           1|
    |p_sum_V_load_35_i_fu_3000_p3  |  select  |      0|  0|  17|           1|           1|
    |p_sum_V_load_36_i_fu_3022_p3  |  select  |      0|  0|  17|           1|           1|
    |p_sum_V_load_37_i_fu_3044_p3  |  select  |      0|  0|  17|           1|           1|
    |p_sum_V_load_38_i_fu_3066_p3  |  select  |      0|  0|  17|           1|           1|
    |p_sum_V_load_39_i_fu_3088_p3  |  select  |      0|  0|  17|           1|           1|
    |p_sum_V_load_3_i_fu_2274_p3   |  select  |      0|  0|  17|           1|           1|
    |p_sum_V_load_40_i_fu_3110_p3  |  select  |      0|  0|  17|           1|           1|
    |p_sum_V_load_41_i_fu_3132_p3  |  select  |      0|  0|  17|           1|           1|
    |p_sum_V_load_42_i_fu_3154_p3  |  select  |      0|  0|  17|           1|           1|
    |p_sum_V_load_43_i_fu_3176_p3  |  select  |      0|  0|  17|           1|           1|
    |p_sum_V_load_44_i_fu_3198_p3  |  select  |      0|  0|  17|           1|           1|
    |p_sum_V_load_45_i_fu_3220_p3  |  select  |      0|  0|  17|           1|           1|
    |p_sum_V_load_46_i_fu_3242_p3  |  select  |      0|  0|  17|           1|           1|
    |p_sum_V_load_47_i_fu_3264_p3  |  select  |      0|  0|  17|           1|           1|
    |p_sum_V_load_48_i_fu_3286_p3  |  select  |      0|  0|  17|           1|           1|
    |p_sum_V_load_49_i_fu_3308_p3  |  select  |      0|  0|  17|           1|           1|
    |p_sum_V_load_4_i_fu_2296_p3   |  select  |      0|  0|  17|           1|           1|
    |p_sum_V_load_50_i_fu_3330_p3  |  select  |      0|  0|  17|           1|           1|
    |p_sum_V_load_51_i_fu_3352_p3  |  select  |      0|  0|  17|           1|           1|
    |p_sum_V_load_52_i_fu_3374_p3  |  select  |      0|  0|  17|           1|           1|
    |p_sum_V_load_53_i_fu_3396_p3  |  select  |      0|  0|  17|           1|           1|
    |p_sum_V_load_54_i_fu_3418_p3  |  select  |      0|  0|  17|           1|           1|
    |p_sum_V_load_55_i_fu_3440_p3  |  select  |      0|  0|  17|           1|           1|
    |p_sum_V_load_56_i_fu_3462_p3  |  select  |      0|  0|  17|           1|           1|
    |p_sum_V_load_57_i_fu_3484_p3  |  select  |      0|  0|  17|           1|           1|
    |p_sum_V_load_58_i_fu_3506_p3  |  select  |      0|  0|  17|           1|           1|
    |p_sum_V_load_5_i_fu_2318_p3   |  select  |      0|  0|  17|           1|           1|
    |p_sum_V_load_6_i_fu_2340_p3   |  select  |      0|  0|  17|           1|           1|
    |p_sum_V_load_7_i_fu_2362_p3   |  select  |      0|  0|  17|           1|           1|
    |p_sum_V_load_8_i_fu_2384_p3   |  select  |      0|  0|  17|           1|           1|
    |p_sum_V_load_9_i_fu_2406_p3   |  select  |      0|  0|  17|           1|           1|
    |p_sum_V_load_i_fu_2428_p3     |  select  |      0|  0|  17|           1|           1|
    |storemerge1_i_fu_2208_p3      |  select  |      0|  0|  17|           1|           1|
    +------------------------------+----------+-------+---+----+------------+------------+
    |Total                         |          |      0|  0|1028|          61|          61|
    +------------------------------+----------+-------+---+----+------------+------------+

    * Multiplexer: 
    +-------------------------------+-----+-----------+-----+-----------+
    |              Name             | LUT | Input Size| Bits| Total Bits|
    +-------------------------------+-----+-----------+-----+-----------+
    |Layer3_Int_V_address0          |  261|         61|    6|        366|
    |Layer3_Int_V_d0                |  261|         61|   17|       1037|
    |ap_NS_fsm                      |  261|         61|    1|         61|
    |ap_done                        |    9|          2|    1|          2|
    |saveValueLayer3_V_Addr_A_orig  |  261|         61|   32|       1952|
    |saveValueLayer3_V_Din_A        |  261|         61|   32|       1952|
    |saveValueLayer3_V_WEN_A        |    9|          2|    4|          8|
    +-------------------------------+-----+-----------+-----+-----------+
    |Total                          | 1323|        309|   93|       5378|
    +-------------------------------+-----+-----------+-----+-----------+

    * Register: 
    +-------------+----+----+-----+-----------+
    |     Name    | FF | LUT| Bits| Const Bits|
    +-------------+----+----+-----+-----------+
    |ap_CS_fsm    |  60|   0|   60|          0|
    |ap_done_reg  |   1|   0|    1|          0|
    +-------------+----+----+-----+-----------+
    |Total        |  61|   0|   61|          0|
    +-------------+----+----+-----+-----------+



================================================================
== Interface
================================================================
* Summary: 
+--------------------------+-----+-----+------------+----------------------+--------------+
|         RTL Ports        | Dir | Bits|  Protocol  |     Source Object    |    C Type    |
+--------------------------+-----+-----+------------+----------------------+--------------+
|ap_clk                    |  in |    1| ap_ctrl_hs | CNN_1D_Block_.prehea | return value |
|ap_rst                    |  in |    1| ap_ctrl_hs | CNN_1D_Block_.prehea | return value |
|ap_start                  |  in |    1| ap_ctrl_hs | CNN_1D_Block_.prehea | return value |
|ap_done                   | out |    1| ap_ctrl_hs | CNN_1D_Block_.prehea | return value |
|ap_continue               |  in |    1| ap_ctrl_hs | CNN_1D_Block_.prehea | return value |
|ap_idle                   | out |    1| ap_ctrl_hs | CNN_1D_Block_.prehea | return value |
|ap_ready                  | out |    1| ap_ctrl_hs | CNN_1D_Block_.prehea | return value |
|p_read                    |  in |   18|   ap_none  |        p_read        |    scalar    |
|p_read1                   |  in |   17|   ap_none  |        p_read1       |    scalar    |
|Layer3_Int_V_address0     | out |    6|  ap_memory |     Layer3_Int_V     |     array    |
|Layer3_Int_V_ce0          | out |    1|  ap_memory |     Layer3_Int_V     |     array    |
|Layer3_Int_V_we0          | out |    1|  ap_memory |     Layer3_Int_V     |     array    |
|Layer3_Int_V_d0           | out |   17|  ap_memory |     Layer3_Int_V     |     array    |
|saveValueLayer3_V_Addr_A  | out |   32|    bram    |   saveValueLayer3_V  |     array    |
|saveValueLayer3_V_EN_A    | out |    1|    bram    |   saveValueLayer3_V  |     array    |
|saveValueLayer3_V_WEN_A   | out |    4|    bram    |   saveValueLayer3_V  |     array    |
|saveValueLayer3_V_Din_A   | out |   32|    bram    |   saveValueLayer3_V  |     array    |
|saveValueLayer3_V_Dout_A  |  in |   32|    bram    |   saveValueLayer3_V  |     array    |
|p_read2                   |  in |   18|   ap_none  |        p_read2       |    scalar    |
|p_read3                   |  in |   17|   ap_none  |        p_read3       |    scalar    |
|p_read4                   |  in |   18|   ap_none  |        p_read4       |    scalar    |
|p_read5                   |  in |   17|   ap_none  |        p_read5       |    scalar    |
|p_read6                   |  in |   18|   ap_none  |        p_read6       |    scalar    |
|p_read7                   |  in |   17|   ap_none  |        p_read7       |    scalar    |
|p_read8                   |  in |   18|   ap_none  |        p_read8       |    scalar    |
|p_read9                   |  in |   17|   ap_none  |        p_read9       |    scalar    |
|p_read10                  |  in |   18|   ap_none  |       p_read10       |    scalar    |
|p_read11                  |  in |   17|   ap_none  |       p_read11       |    scalar    |
|p_read12                  |  in |   18|   ap_none  |       p_read12       |    scalar    |
|p_read13                  |  in |   17|   ap_none  |       p_read13       |    scalar    |
|p_read14                  |  in |   18|   ap_none  |       p_read14       |    scalar    |
|p_read15                  |  in |   17|   ap_none  |       p_read15       |    scalar    |
|p_read16                  |  in |   18|   ap_none  |       p_read16       |    scalar    |
|p_read17                  |  in |   17|   ap_none  |       p_read17       |    scalar    |
|p_read18                  |  in |   18|   ap_none  |       p_read18       |    scalar    |
|p_read19                  |  in |   17|   ap_none  |       p_read19       |    scalar    |
|p_read20                  |  in |   18|   ap_none  |       p_read20       |    scalar    |
|p_read21                  |  in |   17|   ap_none  |       p_read21       |    scalar    |
|p_read22                  |  in |   18|   ap_none  |       p_read22       |    scalar    |
|p_read23                  |  in |   17|   ap_none  |       p_read23       |    scalar    |
|p_read24                  |  in |   18|   ap_none  |       p_read24       |    scalar    |
|p_read25                  |  in |   17|   ap_none  |       p_read25       |    scalar    |
|p_read26                  |  in |   18|   ap_none  |       p_read26       |    scalar    |
|p_read27                  |  in |   17|   ap_none  |       p_read27       |    scalar    |
|p_read28                  |  in |   18|   ap_none  |       p_read28       |    scalar    |
|p_read29                  |  in |   17|   ap_none  |       p_read29       |    scalar    |
|p_read30                  |  in |   18|   ap_none  |       p_read30       |    scalar    |
|p_read31                  |  in |   17|   ap_none  |       p_read31       |    scalar    |
|p_read32                  |  in |   18|   ap_none  |       p_read32       |    scalar    |
|p_read33                  |  in |   17|   ap_none  |       p_read33       |    scalar    |
|p_read34                  |  in |   18|   ap_none  |       p_read34       |    scalar    |
|p_read35                  |  in |   17|   ap_none  |       p_read35       |    scalar    |
|p_read36                  |  in |   18|   ap_none  |       p_read36       |    scalar    |
|p_read37                  |  in |   17|   ap_none  |       p_read37       |    scalar    |
|p_read38                  |  in |   18|   ap_none  |       p_read38       |    scalar    |
|p_read39                  |  in |   17|   ap_none  |       p_read39       |    scalar    |
|p_read40                  |  in |   18|   ap_none  |       p_read40       |    scalar    |
|p_read41                  |  in |   17|   ap_none  |       p_read41       |    scalar    |
|p_read42                  |  in |   18|   ap_none  |       p_read42       |    scalar    |
|p_read43                  |  in |   17|   ap_none  |       p_read43       |    scalar    |
|p_read44                  |  in |   18|   ap_none  |       p_read44       |    scalar    |
|p_read45                  |  in |   17|   ap_none  |       p_read45       |    scalar    |
|p_read46                  |  in |   18|   ap_none  |       p_read46       |    scalar    |
|p_read47                  |  in |   17|   ap_none  |       p_read47       |    scalar    |
|p_read48                  |  in |   18|   ap_none  |       p_read48       |    scalar    |
|p_read49                  |  in |   17|   ap_none  |       p_read49       |    scalar    |
|p_read50                  |  in |   18|   ap_none  |       p_read50       |    scalar    |
|p_read51                  |  in |   17|   ap_none  |       p_read51       |    scalar    |
|p_read52                  |  in |   18|   ap_none  |       p_read52       |    scalar    |
|p_read53                  |  in |   17|   ap_none  |       p_read53       |    scalar    |
|p_read54                  |  in |   18|   ap_none  |       p_read54       |    scalar    |
|p_read55                  |  in |   17|   ap_none  |       p_read55       |    scalar    |
|p_read56                  |  in |   18|   ap_none  |       p_read56       |    scalar    |
|p_read57                  |  in |   17|   ap_none  |       p_read57       |    scalar    |
|p_read58                  |  in |   18|   ap_none  |       p_read58       |    scalar    |
|p_read59                  |  in |   17|   ap_none  |       p_read59       |    scalar    |
|p_read60                  |  in |   18|   ap_none  |       p_read60       |    scalar    |
|p_read61                  |  in |   17|   ap_none  |       p_read61       |    scalar    |
|p_read62                  |  in |   18|   ap_none  |       p_read62       |    scalar    |
|p_read63                  |  in |   17|   ap_none  |       p_read63       |    scalar    |
|p_read64                  |  in |   18|   ap_none  |       p_read64       |    scalar    |
|p_read65                  |  in |   17|   ap_none  |       p_read65       |    scalar    |
|p_read66                  |  in |   18|   ap_none  |       p_read66       |    scalar    |
|p_read67                  |  in |   17|   ap_none  |       p_read67       |    scalar    |
|p_read68                  |  in |   18|   ap_none  |       p_read68       |    scalar    |
|p_read69                  |  in |   17|   ap_none  |       p_read69       |    scalar    |
|p_read70                  |  in |   18|   ap_none  |       p_read70       |    scalar    |
|p_read71                  |  in |   17|   ap_none  |       p_read71       |    scalar    |
|p_read72                  |  in |   18|   ap_none  |       p_read72       |    scalar    |
|p_read73                  |  in |   17|   ap_none  |       p_read73       |    scalar    |
|p_read74                  |  in |   18|   ap_none  |       p_read74       |    scalar    |
|p_read75                  |  in |   17|   ap_none  |       p_read75       |    scalar    |
|p_read76                  |  in |   18|   ap_none  |       p_read76       |    scalar    |
|p_read77                  |  in |   17|   ap_none  |       p_read77       |    scalar    |
|p_read78                  |  in |   18|   ap_none  |       p_read78       |    scalar    |
|p_read79                  |  in |   17|   ap_none  |       p_read79       |    scalar    |
|p_read80                  |  in |   18|   ap_none  |       p_read80       |    scalar    |
|p_read81                  |  in |   17|   ap_none  |       p_read81       |    scalar    |
|p_read82                  |  in |   18|   ap_none  |       p_read82       |    scalar    |
|p_read83                  |  in |   17|   ap_none  |       p_read83       |    scalar    |
|p_read84                  |  in |   18|   ap_none  |       p_read84       |    scalar    |
|p_read85                  |  in |   17|   ap_none  |       p_read85       |    scalar    |
|p_read86                  |  in |   18|   ap_none  |       p_read86       |    scalar    |
|p_read87                  |  in |   17|   ap_none  |       p_read87       |    scalar    |
|p_read88                  |  in |   18|   ap_none  |       p_read88       |    scalar    |
|p_read89                  |  in |   17|   ap_none  |       p_read89       |    scalar    |
|p_read90                  |  in |   18|   ap_none  |       p_read90       |    scalar    |
|p_read91                  |  in |   17|   ap_none  |       p_read91       |    scalar    |
|p_read92                  |  in |   18|   ap_none  |       p_read92       |    scalar    |
|p_read93                  |  in |   17|   ap_none  |       p_read93       |    scalar    |
|p_read94                  |  in |   18|   ap_none  |       p_read94       |    scalar    |
|p_read95                  |  in |   17|   ap_none  |       p_read95       |    scalar    |
|p_read96                  |  in |   18|   ap_none  |       p_read96       |    scalar    |
|p_read97                  |  in |   17|   ap_none  |       p_read97       |    scalar    |
|p_read98                  |  in |   18|   ap_none  |       p_read98       |    scalar    |
|p_read99                  |  in |   17|   ap_none  |       p_read99       |    scalar    |
|p_read100                 |  in |   18|   ap_none  |       p_read100      |    scalar    |
|p_read101                 |  in |   17|   ap_none  |       p_read101      |    scalar    |
|p_read102                 |  in |   18|   ap_none  |       p_read102      |    scalar    |
|p_read103                 |  in |   17|   ap_none  |       p_read103      |    scalar    |
|p_read104                 |  in |   18|   ap_none  |       p_read104      |    scalar    |
|p_read105                 |  in |   17|   ap_none  |       p_read105      |    scalar    |
|p_read106                 |  in |   18|   ap_none  |       p_read106      |    scalar    |
|p_read107                 |  in |   17|   ap_none  |       p_read107      |    scalar    |
|p_read108                 |  in |   18|   ap_none  |       p_read108      |    scalar    |
|p_read109                 |  in |   17|   ap_none  |       p_read109      |    scalar    |
|p_read110                 |  in |   18|   ap_none  |       p_read110      |    scalar    |
|p_read111                 |  in |   17|   ap_none  |       p_read111      |    scalar    |
|p_read112                 |  in |   18|   ap_none  |       p_read112      |    scalar    |
|p_read113                 |  in |   17|   ap_none  |       p_read113      |    scalar    |
|p_read114                 |  in |   18|   ap_none  |       p_read114      |    scalar    |
|p_read115                 |  in |   17|   ap_none  |       p_read115      |    scalar    |
|p_read116                 |  in |   18|   ap_none  |       p_read116      |    scalar    |
|p_read117                 |  in |   17|   ap_none  |       p_read117      |    scalar    |
|p_read118                 |  in |   18|   ap_none  |       p_read118      |    scalar    |
|p_read119                 |  in |   17|   ap_none  |       p_read119      |    scalar    |
+--------------------------+-----+-----+------------+----------------------+--------------+

